Apr 15 17:15:45 MSI systemd[1]: Starting Service for snap application microk8s.daemon-containerd...
Apr 15 17:15:45 MSI microk8s.daemon-containerd[25150]: + source /snap/microk8s/6571/actions/common/utils.sh
Apr 15 17:15:45 MSI microk8s.daemon-containerd[25150]: ++ [[ /snap/microk8s/6571/run-containerd-with-args == \/\s\n\a\p\/\m\i\c\r\o\k\8\s\/\6\5\7\1\/\a\c\t\i\o\n\s\/\c\o\m\m\o\n\/\u\t\i\l\s\.\s\h ]]
Apr 15 17:15:45 MSI microk8s.daemon-containerd[25150]: + is_strict
Apr 15 17:15:45 MSI microk8s.daemon-containerd[25264]: + cat /snap/microk8s/6571/meta/snap.yaml
Apr 15 17:15:45 MSI microk8s.daemon-containerd[25265]: + grep confinement
Apr 15 17:15:45 MSI microk8s.daemon-containerd[25266]: + grep -q strict
Apr 15 17:15:45 MSI microk8s.daemon-containerd[25150]: + return 1
Apr 15 17:15:45 MSI microk8s.daemon-containerd[25150]: + '[' -d /sys/kernel/security/apparmor ']'
Apr 15 17:15:45 MSI microk8s.daemon-containerd[25268]: ++ echo /snap/microk8s/6571
Apr 15 17:15:45 MSI microk8s.daemon-containerd[25269]: ++ sed -e s,6571,current,
Apr 15 17:15:45 MSI microk8s.daemon-containerd[25150]: + SNAP_CURRENT=/snap/microk8s/current
Apr 15 17:15:45 MSI microk8s.daemon-containerd[25150]: + CURRENT_PATH=/snap/microk8s/current/usr/sbin:/snap/microk8s/current/usr/bin:/snap/microk8s/current/sbin:/snap/microk8s/current/bin
Apr 15 17:15:45 MSI microk8s.daemon-containerd[25150]: + export PATH=/snap/microk8s/6571/usr/sbin:/snap/microk8s/6571/usr/bin:/snap/microk8s/6571/sbin:/snap/microk8s/6571/bin:/snap/microk8s/current/usr/sbin:/snap/microk8s/current/usr/bin:/snap/microk8s/current/sbin:/snap/microk8s/current/bin:/usr/local/sbin:/usr/local/bin:/usr/sbin:/usr/bin:/sbin:/bin:/usr/games:/usr/local/games:/snap/bin
Apr 15 17:15:45 MSI microk8s.daemon-containerd[25150]: + PATH=/snap/microk8s/6571/usr/sbin:/snap/microk8s/6571/usr/bin:/snap/microk8s/6571/sbin:/snap/microk8s/6571/bin:/snap/microk8s/current/usr/sbin:/snap/microk8s/current/usr/bin:/snap/microk8s/current/sbin:/snap/microk8s/current/bin:/usr/local/sbin:/usr/local/bin:/usr/sbin:/usr/bin:/sbin:/bin:/usr/games:/usr/local/games:/snap/bin
Apr 15 17:15:45 MSI microk8s.daemon-containerd[25270]: ++ /snap/microk8s/6571/bin/uname -m
Apr 15 17:15:45 MSI microk8s.daemon-containerd[25150]: + ARCH=x86_64
Apr 15 17:15:45 MSI microk8s.daemon-containerd[25150]: + export LD_LIBRARY_PATH=:/snap/microk8s/6571/lib:/snap/microk8s/6571/usr/lib:/snap/microk8s/6571/lib/x86_64-linux-gnu:/snap/microk8s/6571/usr/lib/x86_64-linux-gnu
Apr 15 17:15:45 MSI microk8s.daemon-containerd[25150]: + LD_LIBRARY_PATH=:/snap/microk8s/6571/lib:/snap/microk8s/6571/usr/lib:/snap/microk8s/6571/lib/x86_64-linux-gnu:/snap/microk8s/6571/usr/lib/x86_64-linux-gnu
Apr 15 17:15:45 MSI microk8s.daemon-containerd[25150]: + export LD_LIBRARY_PATH=/var/lib/snapd/lib/gl:/var/lib/snapd/lib/gl32:/var/lib/snapd/void::/snap/microk8s/6571/lib:/snap/microk8s/6571/usr/lib:/snap/microk8s/6571/lib/x86_64-linux-gnu:/snap/microk8s/6571/usr/lib/x86_64-linux-gnu
Apr 15 17:15:45 MSI microk8s.daemon-containerd[25150]: + LD_LIBRARY_PATH=/var/lib/snapd/lib/gl:/var/lib/snapd/lib/gl32:/var/lib/snapd/void::/snap/microk8s/6571/lib:/snap/microk8s/6571/usr/lib:/snap/microk8s/6571/lib/x86_64-linux-gnu:/snap/microk8s/6571/usr/lib/x86_64-linux-gnu
Apr 15 17:15:45 MSI microk8s.daemon-containerd[25150]: + export XDG_RUNTIME_DIR=/var/snap/microk8s/common/run
Apr 15 17:15:45 MSI microk8s.daemon-containerd[25150]: + XDG_RUNTIME_DIR=/var/snap/microk8s/common/run
Apr 15 17:15:45 MSI microk8s.daemon-containerd[25150]: + mkdir -p /var/snap/microk8s/common/run
Apr 15 17:15:45 MSI microk8s.daemon-containerd[25150]: + is_strict
Apr 15 17:15:45 MSI microk8s.daemon-containerd[25272]: + cat /snap/microk8s/6571/meta/snap.yaml
Apr 15 17:15:45 MSI microk8s.daemon-containerd[25273]: + grep confinement
Apr 15 17:15:45 MSI microk8s.daemon-containerd[25274]: + grep -q strict
Apr 15 17:15:45 MSI microk8s.daemon-containerd[25150]: + return 1
Apr 15 17:15:45 MSI microk8s.daemon-containerd[25150]: + '[' -d /etc/apparmor.d ']'
Apr 15 17:15:45 MSI microk8s.daemon-containerd[25150]: + echo 'Using a default profile template'
Apr 15 17:15:45 MSI microk8s.daemon-containerd[25150]: Using a default profile template
Apr 15 17:15:45 MSI microk8s.daemon-containerd[25150]: + cp /snap/microk8s/6571/containerd-profile /etc/apparmor.d/cri-containerd.apparmor.d
Apr 15 17:15:45 MSI microk8s.daemon-containerd[25150]: + echo 'Reloading AppArmor profiles'
Apr 15 17:15:45 MSI microk8s.daemon-containerd[25150]: Reloading AppArmor profiles
Apr 15 17:15:45 MSI microk8s.daemon-containerd[25150]: + service apparmor reload
Apr 15 17:15:45 MSI microk8s.daemon-containerd[25276]: apparmor.service is not active, cannot reload.
Apr 15 17:15:45 MSI microk8s.daemon-containerd[25150]: + echo 'AppArmor profiles loading failed. AppArmor may be unavailable on this host.'
Apr 15 17:15:45 MSI microk8s.daemon-containerd[25150]: AppArmor profiles loading failed. AppArmor may be unavailable on this host.
Apr 15 17:15:45 MSI microk8s.daemon-containerd[25150]: + app=containerd
Apr 15 17:15:45 MSI microk8s.daemon-containerd[25150]: + RUNTIME=runc
Apr 15 17:15:45 MSI microk8s.daemon-containerd[25150]: + RUNTIME_TYPE=io.containerd.runc.v1
Apr 15 17:15:45 MSI microk8s.daemon-containerd[25281]: ++ snapshotter
Apr 15 17:15:45 MSI microk8s.daemon-containerd[25282]: +++ stat -f -c %T /var/snap/microk8s/common
Apr 15 17:15:45 MSI microk8s.daemon-containerd[25281]: ++ FSTYPE=ext2/ext3
Apr 15 17:15:45 MSI microk8s.daemon-containerd[25281]: ++ '[' ext2/ext3 = zfs ']'
Apr 15 17:15:45 MSI microk8s.daemon-containerd[25281]: ++ echo overlayfs
Apr 15 17:15:45 MSI microk8s.daemon-containerd[25150]: + SNAPSHOTTER=overlayfs
Apr 15 17:15:45 MSI microk8s.daemon-containerd[25283]: + mount -t cgroup2
Apr 15 17:15:45 MSI microk8s.daemon-containerd[25284]: + grep -q 'type cgroup2'
Apr 15 17:15:45 MSI microk8s.daemon-containerd[25150]: + RUNTIME_TYPE=io.containerd.runc.v2
Apr 15 17:15:45 MSI microk8s.daemon-containerd[25150]: + sed 's@${SNAP}@/snap/microk8s/6571@g;s@${SNAP_DATA}@/var/snap/microk8s/6571@g;s@${SNAPSHOTTER}@overlayfs@g;s@${RUNTIME}@runc@g' /var/snap/microk8s/6571/args/containerd-template.toml
Apr 15 17:15:45 MSI microk8s.daemon-containerd[25150]: + sed -i 's@${RUNTIME_TYPE}@io.containerd.runc.v2@g' /var/snap/microk8s/6571/args/containerd.toml
Apr 15 17:15:45 MSI microk8s.daemon-containerd[25287]: ++ is_service_expected_to_start flanneld
Apr 15 17:15:45 MSI microk8s.daemon-containerd[25287]: ++ local service=flanneld
Apr 15 17:15:45 MSI microk8s.daemon-containerd[25287]: ++ '[' -f /var/snap/microk8s/6571/var/lock/no-flanneld ']'
Apr 15 17:15:45 MSI microk8s.daemon-containerd[25287]: ++ echo 0
Apr 15 17:15:45 MSI microk8s.daemon-containerd[25150]: + run_flanneld=0
Apr 15 17:15:45 MSI microk8s.daemon-containerd[25150]: + '[' 0 == 1 ']'
Apr 15 17:15:45 MSI microk8s.daemon-containerd[25288]: + is_strict
Apr 15 17:15:45 MSI microk8s.daemon-containerd[25289]: + cat /snap/microk8s/6571/meta/snap.yaml
Apr 15 17:15:45 MSI microk8s.daemon-containerd[25291]: + grep -q strict
Apr 15 17:15:45 MSI microk8s.daemon-containerd[25290]: + grep confinement
Apr 15 17:15:45 MSI microk8s.daemon-containerd[25288]: + return 1
Apr 15 17:15:45 MSI microk8s.daemon-containerd[25292]: + is_strict
Apr 15 17:15:45 MSI microk8s.daemon-containerd[25293]: + cat /snap/microk8s/6571/meta/snap.yaml
Apr 15 17:15:45 MSI microk8s.daemon-containerd[25294]: + grep confinement
Apr 15 17:15:45 MSI microk8s.daemon-containerd[25295]: + grep -q strict
Apr 15 17:15:45 MSI microk8s.daemon-containerd[25292]: + return 1
Apr 15 17:15:45 MSI microk8s.daemon-containerd[25292]: + is_first_boot /var/snap/microk8s/common/run/containerd
Apr 15 17:15:45 MSI microk8s.daemon-containerd[25292]: + '[' -e /var/snap/microk8s/common/run/containerd/last-start-date ']'
Apr 15 17:15:45 MSI microk8s.daemon-containerd[25292]: + return 1
Apr 15 17:15:45 MSI microk8s.daemon-containerd[25150]: + mkdir -p /var/snap/microk8s/common/run/containerd
Apr 15 17:15:45 MSI microk8s.daemon-containerd[25150]: + is_strict
Apr 15 17:15:45 MSI microk8s.daemon-containerd[25297]: + cat /snap/microk8s/6571/meta/snap.yaml
Apr 15 17:15:45 MSI microk8s.daemon-containerd[25298]: + grep confinement
Apr 15 17:15:45 MSI microk8s.daemon-containerd[25299]: + grep -q strict
Apr 15 17:15:45 MSI microk8s.daemon-containerd[25150]: + return 1
Apr 15 17:15:45 MSI microk8s.daemon-containerd[25150]: + mark_boot_time /var/snap/microk8s/common/run/containerd
Apr 15 17:15:45 MSI microk8s.daemon-containerd[25300]: ++ date +%s
Apr 15 17:15:45 MSI microk8s.daemon-containerd[25150]: + now=1744708545
Apr 15 17:15:45 MSI microk8s.daemon-containerd[25150]: + echo 1744708545
Apr 15 17:15:45 MSI microk8s.daemon-containerd[25301]: ++ cat /var/snap/microk8s/6571/args/containerd
Apr 15 17:15:45 MSI microk8s.daemon-containerd[25150]: + declare -a 'args=(--config ${SNAP_DATA}/args/containerd.toml
Apr 15 17:15:45 MSI microk8s.daemon-containerd[25150]: --root ${SNAP_COMMON}/var/lib/containerd
Apr 15 17:15:45 MSI microk8s.daemon-containerd[25150]: --state ${SNAP_COMMON}/run/containerd
Apr 15 17:15:45 MSI microk8s.daemon-containerd[25150]: --address ${SNAP_COMMON}/run/containerd.sock)'
Apr 15 17:15:45 MSI microk8s.daemon-containerd[25150]: + set -a
Apr 15 17:15:45 MSI microk8s.daemon-containerd[25150]: + . /var/snap/microk8s/6571/args/containerd-env
Apr 15 17:15:45 MSI microk8s.daemon-containerd[25150]: ++ PATH=/snap/microk8s/6571/usr/sbin:/snap/microk8s/6571/usr/bin:/snap/microk8s/6571/sbin:/snap/microk8s/6571/bin:/snap/microk8s/current/usr/sbin:/snap/microk8s/current/usr/bin:/snap/microk8s/current/sbin:/snap/microk8s/current/bin:/usr/local/sbin:/usr/local/bin:/usr/sbin:/usr/bin:/sbin:/bin:/usr/games:/usr/local/games:/snap/bin:
Apr 15 17:15:45 MSI microk8s.daemon-containerd[25150]: ++ ulimit -n 65536
Apr 15 17:15:45 MSI microk8s.daemon-containerd[25150]: ++ ulimit -l 16384
Apr 15 17:15:45 MSI microk8s.daemon-containerd[25150]: + set +a
Apr 15 17:15:45 MSI microk8s.daemon-containerd[25150]: + default_route_exists
Apr 15 17:15:45 MSI microk8s.daemon-containerd[25302]: + ip route
Apr 15 17:15:45 MSI microk8s.daemon-containerd[25303]: + grep '^default'
Apr 15 17:15:45 MSI microk8s.daemon-containerd[25302]: + ip -6 route
Apr 15 17:15:45 MSI microk8s.daemon-containerd[25150]: + wait_for_default_route
Apr 15 17:15:45 MSI microk8s.daemon-containerd[25150]: + n=0
Apr 15 17:15:45 MSI microk8s.daemon-containerd[25150]: + '[' 0 -ge 5 ']'
Apr 15 17:15:45 MSI microk8s.daemon-containerd[25150]: + default_route_exists
Apr 15 17:15:45 MSI microk8s.daemon-containerd[25306]: + ip route
Apr 15 17:15:45 MSI microk8s.daemon-containerd[25307]: + grep '^default'
Apr 15 17:15:45 MSI microk8s.daemon-containerd[25306]: + ip -6 route
Apr 15 17:15:45 MSI microk8s.daemon-containerd[25150]: + break
Apr 15 17:15:45 MSI microk8s.daemon-containerd[25150]: + export CILIUM_SOCK=/var/snap/microk8s/6571/var/run/cilium/cilium.sock
Apr 15 17:15:45 MSI microk8s.daemon-containerd[25150]: + CILIUM_SOCK=/var/snap/microk8s/6571/var/run/cilium/cilium.sock
Apr 15 17:15:45 MSI microk8s.daemon-containerd[25150]: + exec /snap/microk8s/6571/bin/containerd --config /var/snap/microk8s/6571/args/containerd.toml --root /var/snap/microk8s/common/var/lib/containerd --state /var/snap/microk8s/common/run/containerd --address /var/snap/microk8s/common/run/containerd.sock
Apr 15 17:15:45 MSI microk8s.daemon-containerd[25150]: time="2025-04-15T17:15:45.950690787+08:00" level=info msg="starting containerd" revision=ae07eda36dd25f8a1b98dfbf587313b99c0190bb version=v1.6.28
Apr 15 17:15:45 MSI microk8s.daemon-containerd[25150]: time="2025-04-15T17:15:45.965293681+08:00" level=info msg="loading plugin \"io.containerd.content.v1.content\"..." type=io.containerd.content.v1
Apr 15 17:15:45 MSI microk8s.daemon-containerd[25150]: time="2025-04-15T17:15:45.965517403+08:00" level=info msg="loading plugin \"io.containerd.snapshotter.v1.aufs\"..." type=io.containerd.snapshotter.v1
Apr 15 17:15:45 MSI microk8s.daemon-containerd[25150]: time="2025-04-15T17:15:45.973549098+08:00" level=info msg="skip loading plugin \"io.containerd.snapshotter.v1.aufs\"..." error="aufs is not supported (modprobe aufs failed: exit status 1 \"modprobe: FATAL: Module aufs not found in directory /lib/modules/5.15.167.4-microsoft-standard-WSL2\\n\"): skip plugin" type=io.containerd.snapshotter.v1
Apr 15 17:15:45 MSI microk8s.daemon-containerd[25150]: time="2025-04-15T17:15:45.973573740+08:00" level=info msg="loading plugin \"io.containerd.snapshotter.v1.btrfs\"..." type=io.containerd.snapshotter.v1
Apr 15 17:15:45 MSI microk8s.daemon-containerd[25150]: time="2025-04-15T17:15:45.973787408+08:00" level=info msg="skip loading plugin \"io.containerd.snapshotter.v1.btrfs\"..." error="path /var/snap/microk8s/common/var/lib/containerd/io.containerd.snapshotter.v1.btrfs (ext4) must be a btrfs filesystem to be used with the btrfs snapshotter: skip plugin" type=io.containerd.snapshotter.v1
Apr 15 17:15:45 MSI microk8s.daemon-containerd[25150]: time="2025-04-15T17:15:45.973808928+08:00" level=info msg="loading plugin \"io.containerd.snapshotter.v1.devmapper\"..." type=io.containerd.snapshotter.v1
Apr 15 17:15:45 MSI microk8s.daemon-containerd[25150]: time="2025-04-15T17:15:45.973816773+08:00" level=warning msg="failed to load plugin io.containerd.snapshotter.v1.devmapper" error="devmapper not configured"
Apr 15 17:15:45 MSI microk8s.daemon-containerd[25150]: time="2025-04-15T17:15:45.973820636+08:00" level=info msg="loading plugin \"io.containerd.snapshotter.v1.native\"..." type=io.containerd.snapshotter.v1
Apr 15 17:15:45 MSI microk8s.daemon-containerd[25150]: time="2025-04-15T17:15:45.973967735+08:00" level=info msg="loading plugin \"io.containerd.snapshotter.v1.overlayfs\"..." type=io.containerd.snapshotter.v1
Apr 15 17:15:45 MSI microk8s.daemon-containerd[25150]: time="2025-04-15T17:15:45.975932424+08:00" level=info msg="loading plugin \"io.containerd.snapshotter.v1.zfs\"..." type=io.containerd.snapshotter.v1
Apr 15 17:15:45 MSI microk8s.daemon-containerd[25150]: time="2025-04-15T17:15:45.976063371+08:00" level=info msg="skip loading plugin \"io.containerd.snapshotter.v1.zfs\"..." error="path /var/snap/microk8s/common/var/lib/containerd/io.containerd.snapshotter.v1.zfs must be a zfs filesystem to be used with the zfs snapshotter: skip plugin" type=io.containerd.snapshotter.v1
Apr 15 17:15:45 MSI microk8s.daemon-containerd[25150]: time="2025-04-15T17:15:45.976082894+08:00" level=info msg="loading plugin \"io.containerd.metadata.v1.bolt\"..." type=io.containerd.metadata.v1
Apr 15 17:15:45 MSI microk8s.daemon-containerd[25150]: time="2025-04-15T17:15:45.976132258+08:00" level=warning msg="could not use snapshotter devmapper in metadata plugin" error="devmapper not configured"
Apr 15 17:15:45 MSI microk8s.daemon-containerd[25150]: time="2025-04-15T17:15:45.976137066+08:00" level=info msg="metadata content store policy set" policy=shared
Apr 15 17:15:45 MSI microk8s.daemon-containerd[25150]: time="2025-04-15T17:15:45.982141563+08:00" level=info msg="loading plugin \"io.containerd.differ.v1.walking\"..." type=io.containerd.differ.v1
Apr 15 17:15:45 MSI microk8s.daemon-containerd[25150]: time="2025-04-15T17:15:45.982166052+08:00" level=info msg="loading plugin \"io.containerd.event.v1.exchange\"..." type=io.containerd.event.v1
Apr 15 17:15:45 MSI microk8s.daemon-containerd[25150]: time="2025-04-15T17:15:45.982173807+08:00" level=info msg="loading plugin \"io.containerd.gc.v1.scheduler\"..." type=io.containerd.gc.v1
Apr 15 17:15:45 MSI microk8s.daemon-containerd[25150]: time="2025-04-15T17:15:45.982198830+08:00" level=info msg="loading plugin \"io.containerd.warning.v1.deprecations\"..." type=io.containerd.warning.v1
Apr 15 17:15:45 MSI microk8s.daemon-containerd[25150]: time="2025-04-15T17:15:45.982205216+08:00" level=info msg="loading plugin \"io.containerd.service.v1.introspection-service\"..." type=io.containerd.service.v1
Apr 15 17:15:45 MSI microk8s.daemon-containerd[25150]: time="2025-04-15T17:15:45.982212258+08:00" level=info msg="loading plugin \"io.containerd.service.v1.containers-service\"..." type=io.containerd.service.v1
Apr 15 17:15:45 MSI microk8s.daemon-containerd[25150]: time="2025-04-15T17:15:45.982217869+08:00" level=info msg="loading plugin \"io.containerd.service.v1.content-service\"..." type=io.containerd.service.v1
Apr 15 17:15:45 MSI microk8s.daemon-containerd[25150]: time="2025-04-15T17:15:45.982222838+08:00" level=info msg="loading plugin \"io.containerd.service.v1.diff-service\"..." type=io.containerd.service.v1
Apr 15 17:15:45 MSI microk8s.daemon-containerd[25150]: time="2025-04-15T17:15:45.982228457+08:00" level=info msg="loading plugin \"io.containerd.service.v1.images-service\"..." type=io.containerd.service.v1
Apr 15 17:15:45 MSI microk8s.daemon-containerd[25150]: time="2025-04-15T17:15:45.982234105+08:00" level=info msg="loading plugin \"io.containerd.service.v1.leases-service\"..." type=io.containerd.service.v1
Apr 15 17:15:45 MSI microk8s.daemon-containerd[25150]: time="2025-04-15T17:15:45.982239253+08:00" level=info msg="loading plugin \"io.containerd.service.v1.namespaces-service\"..." type=io.containerd.service.v1
Apr 15 17:15:45 MSI microk8s.daemon-containerd[25150]: time="2025-04-15T17:15:45.982244092+08:00" level=info msg="loading plugin \"io.containerd.service.v1.snapshots-service\"..." type=io.containerd.service.v1
Apr 15 17:15:45 MSI microk8s.daemon-containerd[25150]: time="2025-04-15T17:15:45.982249185+08:00" level=info msg="loading plugin \"io.containerd.runtime.v1.linux\"..." type=io.containerd.runtime.v1
Apr 15 17:15:45 MSI microk8s.daemon-containerd[25150]: time="2025-04-15T17:15:45.982452943+08:00" level=info msg="loading plugin \"io.containerd.runtime.v2.task\"..." type=io.containerd.runtime.v2
Apr 15 17:15:45 MSI microk8s.daemon-containerd[25150]: time="2025-04-15T17:15:45.982532095+08:00" level=info msg="loading plugin \"io.containerd.monitor.v1.cgroups\"..." type=io.containerd.monitor.v1
Apr 15 17:15:45 MSI microk8s.daemon-containerd[25150]: time="2025-04-15T17:15:45.998876151+08:00" level=info msg="loading plugin \"io.containerd.service.v1.tasks-service\"..." type=io.containerd.service.v1
Apr 15 17:15:45 MSI microk8s.daemon-containerd[25150]: time="2025-04-15T17:15:45.998907283+08:00" level=info msg="loading plugin \"io.containerd.grpc.v1.introspection\"..." type=io.containerd.grpc.v1
Apr 15 17:15:45 MSI microk8s.daemon-containerd[25150]: time="2025-04-15T17:15:45.998915059+08:00" level=info msg="loading plugin \"io.containerd.internal.v1.restart\"..." type=io.containerd.internal.v1
Apr 15 17:15:46 MSI microk8s.daemon-containerd[25150]: time="2025-04-15T17:15:46.001034750+08:00" level=info msg="loading plugin \"io.containerd.grpc.v1.containers\"..." type=io.containerd.grpc.v1
Apr 15 17:15:46 MSI microk8s.daemon-containerd[25150]: time="2025-04-15T17:15:46.001059968+08:00" level=info msg="loading plugin \"io.containerd.grpc.v1.content\"..." type=io.containerd.grpc.v1
Apr 15 17:15:46 MSI microk8s.daemon-containerd[25150]: time="2025-04-15T17:15:46.001066624+08:00" level=info msg="loading plugin \"io.containerd.grpc.v1.diff\"..." type=io.containerd.grpc.v1
Apr 15 17:15:46 MSI microk8s.daemon-containerd[25150]: time="2025-04-15T17:15:46.001072838+08:00" level=info msg="loading plugin \"io.containerd.grpc.v1.events\"..." type=io.containerd.grpc.v1
Apr 15 17:15:46 MSI microk8s.daemon-containerd[25150]: time="2025-04-15T17:15:46.001078160+08:00" level=info msg="loading plugin \"io.containerd.grpc.v1.healthcheck\"..." type=io.containerd.grpc.v1
Apr 15 17:15:46 MSI microk8s.daemon-containerd[25150]: time="2025-04-15T17:15:46.001083269+08:00" level=info msg="loading plugin \"io.containerd.grpc.v1.images\"..." type=io.containerd.grpc.v1
Apr 15 17:15:46 MSI microk8s.daemon-containerd[25150]: time="2025-04-15T17:15:46.001088222+08:00" level=info msg="loading plugin \"io.containerd.grpc.v1.leases\"..." type=io.containerd.grpc.v1
Apr 15 17:15:46 MSI microk8s.daemon-containerd[25150]: time="2025-04-15T17:15:46.001093541+08:00" level=info msg="loading plugin \"io.containerd.grpc.v1.namespaces\"..." type=io.containerd.grpc.v1
Apr 15 17:15:46 MSI microk8s.daemon-containerd[25150]: time="2025-04-15T17:15:46.001099465+08:00" level=info msg="loading plugin \"io.containerd.internal.v1.opt\"..." type=io.containerd.internal.v1
Apr 15 17:15:46 MSI microk8s.daemon-containerd[25150]: time="2025-04-15T17:15:46.001150800+08:00" level=info msg="loading plugin \"io.containerd.grpc.v1.snapshots\"..." type=io.containerd.grpc.v1
Apr 15 17:15:46 MSI microk8s.daemon-containerd[25150]: time="2025-04-15T17:15:46.001169464+08:00" level=info msg="loading plugin \"io.containerd.grpc.v1.tasks\"..." type=io.containerd.grpc.v1
Apr 15 17:15:46 MSI microk8s.daemon-containerd[25150]: time="2025-04-15T17:15:46.001175219+08:00" level=info msg="loading plugin \"io.containerd.grpc.v1.version\"..." type=io.containerd.grpc.v1
Apr 15 17:15:46 MSI microk8s.daemon-containerd[25150]: time="2025-04-15T17:15:46.001179638+08:00" level=info msg="loading plugin \"io.containerd.tracing.processor.v1.otlp\"..." type=io.containerd.tracing.processor.v1
Apr 15 17:15:46 MSI microk8s.daemon-containerd[25150]: time="2025-04-15T17:15:46.001187446+08:00" level=info msg="skip loading plugin \"io.containerd.tracing.processor.v1.otlp\"..." error="no OpenTelemetry endpoint: skip plugin" type=io.containerd.tracing.processor.v1
Apr 15 17:15:46 MSI microk8s.daemon-containerd[25150]: time="2025-04-15T17:15:46.001192723+08:00" level=info msg="loading plugin \"io.containerd.internal.v1.tracing\"..." type=io.containerd.internal.v1
Apr 15 17:15:46 MSI microk8s.daemon-containerd[25150]: time="2025-04-15T17:15:46.001202424+08:00" level=error msg="failed to initialize a tracing processor \"otlp\"" error="no OpenTelemetry endpoint: skip plugin"
Apr 15 17:15:46 MSI microk8s.daemon-containerd[25150]: time="2025-04-15T17:15:46.001231675+08:00" level=info msg="loading plugin \"io.containerd.grpc.v1.cri\"..." type=io.containerd.grpc.v1
Apr 15 17:15:46 MSI microk8s.daemon-containerd[25150]: time="2025-04-15T17:15:46.002771733+08:00" level=info msg="Start cri plugin with config {PluginConfig:{ContainerdConfig:{Snapshotter:overlayfs DefaultRuntimeName:runc DefaultRuntime:{Type: Path: Engine: PodAnnotations:[] ContainerAnnotations:[] Root: Options:map[] PrivilegedWithoutHostDevices:false BaseRuntimeSpec: NetworkPluginConfDir: NetworkPluginMaxConfNum:0} UntrustedWorkloadRuntime:{Type: Path: Engine: PodAnnotations:[] ContainerAnnotations:[] Root: Options:map[] PrivilegedWithoutHostDevices:false BaseRuntimeSpec: NetworkPluginConfDir: NetworkPluginMaxConfNum:0} Runtimes:map[kata:{Type:io.containerd.kata.v2 Path: Engine: PodAnnotations:[] ContainerAnnotations:[] Root: Options:map[BinaryName:kata-runtime] PrivilegedWithoutHostDevices:false BaseRuntimeSpec: NetworkPluginConfDir: NetworkPluginMaxConfNum:0} nvidia-container-runtime:{Type:io.containerd.runc.v2 Path: Engine: PodAnnotations:[] ContainerAnnotations:[] Root: Options:map[BinaryName:nvidia-container-runtime] PrivilegedWithoutHostDevices:false BaseRuntimeSpec: NetworkPluginConfDir: NetworkPluginMaxConfNum:0} runc:{Type:io.containerd.runc.v2 Path: Engine: PodAnnotations:[] ContainerAnnotations:[] Root: Options:map[] PrivilegedWithoutHostDevices:false BaseRuntimeSpec: NetworkPluginConfDir: NetworkPluginMaxConfNum:0}] NoPivot:false DisableSnapshotAnnotations:true DiscardUnpackedLayers:false IgnoreRdtNotEnabledErrors:false} CniConfig:{NetworkPluginBinDir:/var/snap/microk8s/6571/opt/cni/bin NetworkPluginConfDir:/var/snap/microk8s/6571/args/cni-network NetworkPluginMaxConfNum:1 NetworkPluginConfTemplate: IPPreference:} Registry:{ConfigPath:/var/snap/microk8s/6571/args/certs.d Mirrors:map[] Configs:map[] Auths:map[] Headers:map[]} ImageDecryption:{KeyModel:node} DisableTCPService:true StreamServerAddress:127.0.0.1 StreamServerPort:0 StreamIdleTimeout:4h0m0s EnableSelinux:false SelinuxCategoryRange:1024 SandboxImage:k8s.gcr.io/pause:3.7 StatsCollectPeriod:10 SystemdCgroup:false EnableTLSStreaming:false X509KeyPairStreaming:{TLSCertFile: TLSKeyFile:} MaxContainerLogLineSize:16384 DisableCgroup:false DisableApparmor:false RestrictOOMScoreAdj:false MaxConcurrentDownloads:3 DisableProcMount:false UnsetSeccompProfile: TolerateMissingHugetlbController:true DisableHugetlbController:true DeviceOwnershipFromSecurityContext:false IgnoreImageDefinedVolumes:false NetNSMountsUnderStateDir:false EnableUnprivilegedPorts:false EnableUnprivilegedICMP:false} ContainerdRootDir:/var/snap/microk8s/common/var/lib/containerd ContainerdEndpoint:/var/snap/microk8s/common/run/containerd.sock RootDir:/var/snap/microk8s/common/var/lib/containerd/io.containerd.grpc.v1.cri StateDir:/var/snap/microk8s/common/run/containerd/io.containerd.grpc.v1.cri}"
Apr 15 17:15:46 MSI microk8s.daemon-containerd[25150]: time="2025-04-15T17:15:46.002811660+08:00" level=info msg="Connect containerd service"
Apr 15 17:15:46 MSI microk8s.daemon-containerd[25150]: time="2025-04-15T17:15:46.002832573+08:00" level=info msg="Get image filesystem path \"/var/snap/microk8s/common/var/lib/containerd/io.containerd.snapshotter.v1.overlayfs\""
Apr 15 17:15:46 MSI microk8s.daemon-containerd[25150]: time="2025-04-15T17:15:46.009717469+08:00" level=error msg="failed to load cni during init, please check CRI plugin status before setting up network for pods" error="cni config load failed: no network config found in /var/snap/microk8s/6571/args/cni-network: cni plugin not initialized: failed to load cni config"
Apr 15 17:15:46 MSI microk8s.daemon-containerd[25150]: time="2025-04-15T17:15:46.009960669+08:00" level=info msg=serving... address="127.0.0.1:1338"
Apr 15 17:15:46 MSI microk8s.daemon-containerd[25150]: time="2025-04-15T17:15:46.010023184+08:00" level=info msg=serving... address=/var/snap/microk8s/common/run/containerd.sock.ttrpc
Apr 15 17:15:46 MSI microk8s.daemon-containerd[25150]: time="2025-04-15T17:15:46.010054472+08:00" level=info msg=serving... address=/var/snap/microk8s/common/run/containerd.sock
Apr 15 17:15:46 MSI microk8s.daemon-containerd[25150]: time="2025-04-15T17:15:46.011175910+08:00" level=info msg="Start subscribing containerd event"
Apr 15 17:15:46 MSI microk8s.daemon-containerd[25150]: time="2025-04-15T17:15:46.011239954+08:00" level=info msg="Start recovering state"
Apr 15 17:15:46 MSI microk8s.daemon-containerd[25150]: time="2025-04-15T17:15:46.011289842+08:00" level=info msg="Start event monitor"
Apr 15 17:15:46 MSI microk8s.daemon-containerd[25150]: time="2025-04-15T17:15:46.016972021+08:00" level=info msg="Start snapshots syncer"
Apr 15 17:15:46 MSI microk8s.daemon-containerd[25150]: time="2025-04-15T17:15:46.017002787+08:00" level=info msg="Start cni network conf syncer for default"
Apr 15 17:15:46 MSI microk8s.daemon-containerd[25150]: time="2025-04-15T17:15:46.017008704+08:00" level=info msg="Start streaming server"
Apr 15 17:15:46 MSI microk8s.daemon-containerd[25150]: time="2025-04-15T17:15:46.017055690+08:00" level=info msg="containerd successfully booted in 0.074149s"
Apr 15 17:15:46 MSI systemd[1]: Started Service for snap application microk8s.daemon-containerd.
Apr 15 17:27:35 msi systemd[1]: Stopping Service for snap application microk8s.daemon-containerd...
Apr 15 17:27:35 msi microk8s.daemon-containerd[25150]: time="2025-04-15T17:27:35.963904805+08:00" level=info msg="Stop CRI service"
Apr 15 17:27:35 msi microk8s.daemon-containerd[25150]: time="2025-04-15T17:27:35.994605231+08:00" level=info msg="Stop CRI service"
Apr 15 17:27:35 msi microk8s.daemon-containerd[25150]: time="2025-04-15T17:27:35.994680917+08:00" level=info msg="Event monitor stopped"
Apr 15 17:27:35 msi microk8s.daemon-containerd[25150]: time="2025-04-15T17:27:35.994687179+08:00" level=info msg="Stream server stopped"
Apr 15 17:27:35 msi systemd[1]: snap.microk8s.daemon-containerd.service: Deactivated successfully.
Apr 15 17:27:36 msi systemd[1]: Stopped Service for snap application microk8s.daemon-containerd.
Apr 15 17:29:47 msi systemd[1]: Starting Service for snap application microk8s.daemon-containerd...
Apr 15 17:29:47 msi microk8s.daemon-containerd[82966]: + source /snap/microk8s/6571/actions/common/utils.sh
Apr 15 17:29:47 msi microk8s.daemon-containerd[82966]: ++ [[ /snap/microk8s/6571/run-containerd-with-args == \/\s\n\a\p\/\m\i\c\r\o\k\8\s\/\6\5\7\1\/\a\c\t\i\o\n\s\/\c\o\m\m\o\n\/\u\t\i\l\s\.\s\h ]]
Apr 15 17:29:47 msi microk8s.daemon-containerd[82966]: + is_strict
Apr 15 17:29:47 msi microk8s.daemon-containerd[83064]: + cat /snap/microk8s/6571/meta/snap.yaml
Apr 15 17:29:47 msi microk8s.daemon-containerd[83065]: + grep confinement
Apr 15 17:29:47 msi microk8s.daemon-containerd[83066]: + grep -q strict
Apr 15 17:29:47 msi microk8s.daemon-containerd[82966]: + return 1
Apr 15 17:29:47 msi microk8s.daemon-containerd[82966]: + '[' -d /sys/kernel/security/apparmor ']'
Apr 15 17:29:47 msi microk8s.daemon-containerd[83072]: ++ echo /snap/microk8s/6571
Apr 15 17:29:47 msi microk8s.daemon-containerd[83073]: ++ sed -e s,6571,current,
Apr 15 17:29:47 msi microk8s.daemon-containerd[82966]: + SNAP_CURRENT=/snap/microk8s/current
Apr 15 17:29:47 msi microk8s.daemon-containerd[82966]: + CURRENT_PATH=/snap/microk8s/current/usr/sbin:/snap/microk8s/current/usr/bin:/snap/microk8s/current/sbin:/snap/microk8s/current/bin
Apr 15 17:29:47 msi microk8s.daemon-containerd[82966]: + export PATH=/snap/microk8s/6571/usr/sbin:/snap/microk8s/6571/usr/bin:/snap/microk8s/6571/sbin:/snap/microk8s/6571/bin:/snap/microk8s/current/usr/sbin:/snap/microk8s/current/usr/bin:/snap/microk8s/current/sbin:/snap/microk8s/current/bin:/usr/local/sbin:/usr/local/bin:/usr/sbin:/usr/bin:/sbin:/bin:/usr/games:/usr/local/games:/snap/bin
Apr 15 17:29:47 msi microk8s.daemon-containerd[82966]: + PATH=/snap/microk8s/6571/usr/sbin:/snap/microk8s/6571/usr/bin:/snap/microk8s/6571/sbin:/snap/microk8s/6571/bin:/snap/microk8s/current/usr/sbin:/snap/microk8s/current/usr/bin:/snap/microk8s/current/sbin:/snap/microk8s/current/bin:/usr/local/sbin:/usr/local/bin:/usr/sbin:/usr/bin:/sbin:/bin:/usr/games:/usr/local/games:/snap/bin
Apr 15 17:29:47 msi microk8s.daemon-containerd[83074]: ++ /snap/microk8s/6571/bin/uname -m
Apr 15 17:29:47 msi microk8s.daemon-containerd[82966]: + ARCH=x86_64
Apr 15 17:29:47 msi microk8s.daemon-containerd[82966]: + export LD_LIBRARY_PATH=:/snap/microk8s/6571/lib:/snap/microk8s/6571/usr/lib:/snap/microk8s/6571/lib/x86_64-linux-gnu:/snap/microk8s/6571/usr/lib/x86_64-linux-gnu
Apr 15 17:29:47 msi microk8s.daemon-containerd[82966]: + LD_LIBRARY_PATH=:/snap/microk8s/6571/lib:/snap/microk8s/6571/usr/lib:/snap/microk8s/6571/lib/x86_64-linux-gnu:/snap/microk8s/6571/usr/lib/x86_64-linux-gnu
Apr 15 17:29:47 msi microk8s.daemon-containerd[82966]: + export LD_LIBRARY_PATH=/var/lib/snapd/lib/gl:/var/lib/snapd/lib/gl32:/var/lib/snapd/void::/snap/microk8s/6571/lib:/snap/microk8s/6571/usr/lib:/snap/microk8s/6571/lib/x86_64-linux-gnu:/snap/microk8s/6571/usr/lib/x86_64-linux-gnu
Apr 15 17:29:47 msi microk8s.daemon-containerd[82966]: + LD_LIBRARY_PATH=/var/lib/snapd/lib/gl:/var/lib/snapd/lib/gl32:/var/lib/snapd/void::/snap/microk8s/6571/lib:/snap/microk8s/6571/usr/lib:/snap/microk8s/6571/lib/x86_64-linux-gnu:/snap/microk8s/6571/usr/lib/x86_64-linux-gnu
Apr 15 17:29:47 msi microk8s.daemon-containerd[82966]: + export XDG_RUNTIME_DIR=/var/snap/microk8s/common/run
Apr 15 17:29:47 msi microk8s.daemon-containerd[82966]: + XDG_RUNTIME_DIR=/var/snap/microk8s/common/run
Apr 15 17:29:47 msi microk8s.daemon-containerd[82966]: + mkdir -p /var/snap/microk8s/common/run
Apr 15 17:29:47 msi microk8s.daemon-containerd[82966]: + is_strict
Apr 15 17:29:47 msi microk8s.daemon-containerd[83077]: + cat /snap/microk8s/6571/meta/snap.yaml
Apr 15 17:29:47 msi microk8s.daemon-containerd[83078]: + grep confinement
Apr 15 17:29:47 msi microk8s.daemon-containerd[83079]: + grep -q strict
Apr 15 17:29:47 msi microk8s.daemon-containerd[82966]: + return 1
Apr 15 17:29:47 msi microk8s.daemon-containerd[82966]: + '[' -d /etc/apparmor.d ']'
Apr 15 17:29:47 msi microk8s.daemon-containerd[82966]: + echo 'Using a default profile template'
Apr 15 17:29:47 msi microk8s.daemon-containerd[82966]: Using a default profile template
Apr 15 17:29:47 msi microk8s.daemon-containerd[82966]: + cp /snap/microk8s/6571/containerd-profile /etc/apparmor.d/cri-containerd.apparmor.d
Apr 15 17:29:47 msi microk8s.daemon-containerd[82966]: + echo 'Reloading AppArmor profiles'
Apr 15 17:29:47 msi microk8s.daemon-containerd[82966]: Reloading AppArmor profiles
Apr 15 17:29:47 msi microk8s.daemon-containerd[82966]: + service apparmor reload
Apr 15 17:29:47 msi microk8s.daemon-containerd[83084]: apparmor.service is not active, cannot reload.
Apr 15 17:29:47 msi systemd[1]: snap.microk8s.daemon-containerd.service: Got notification message from PID 83084, but reception only permitted for main PID 82966
Apr 15 17:29:47 msi microk8s.daemon-containerd[82966]: + echo 'AppArmor profiles loading failed. AppArmor may be unavailable on this host.'
Apr 15 17:29:47 msi microk8s.daemon-containerd[82966]: AppArmor profiles loading failed. AppArmor may be unavailable on this host.
Apr 15 17:29:47 msi microk8s.daemon-containerd[82966]: + app=containerd
Apr 15 17:29:47 msi microk8s.daemon-containerd[82966]: + RUNTIME=runc
Apr 15 17:29:47 msi microk8s.daemon-containerd[82966]: + RUNTIME_TYPE=io.containerd.runc.v1
Apr 15 17:29:47 msi microk8s.daemon-containerd[83089]: ++ snapshotter
Apr 15 17:29:47 msi microk8s.daemon-containerd[83090]: +++ stat -f -c %T /var/snap/microk8s/common
Apr 15 17:29:47 msi microk8s.daemon-containerd[83089]: ++ FSTYPE=ext2/ext3
Apr 15 17:29:47 msi microk8s.daemon-containerd[83089]: ++ '[' ext2/ext3 = zfs ']'
Apr 15 17:29:47 msi microk8s.daemon-containerd[83089]: ++ echo overlayfs
Apr 15 17:29:47 msi microk8s.daemon-containerd[82966]: + SNAPSHOTTER=overlayfs
Apr 15 17:29:47 msi microk8s.daemon-containerd[83091]: + mount -t cgroup2
Apr 15 17:29:47 msi microk8s.daemon-containerd[83092]: + grep -q 'type cgroup2'
Apr 15 17:29:47 msi microk8s.daemon-containerd[82966]: + RUNTIME_TYPE=io.containerd.runc.v2
Apr 15 17:29:47 msi microk8s.daemon-containerd[82966]: + sed 's@${SNAP}@/snap/microk8s/6571@g;s@${SNAP_DATA}@/var/snap/microk8s/6571@g;s@${SNAPSHOTTER}@overlayfs@g;s@${RUNTIME}@runc@g' /var/snap/microk8s/6571/args/containerd-template.toml
Apr 15 17:29:47 msi microk8s.daemon-containerd[82966]: + sed -i 's@${RUNTIME_TYPE}@io.containerd.runc.v2@g' /var/snap/microk8s/6571/args/containerd.toml
Apr 15 17:29:47 msi microk8s.daemon-containerd[83095]: ++ is_service_expected_to_start flanneld
Apr 15 17:29:47 msi microk8s.daemon-containerd[83095]: ++ local service=flanneld
Apr 15 17:29:47 msi microk8s.daemon-containerd[83095]: ++ '[' -f /var/snap/microk8s/6571/var/lock/no-flanneld ']'
Apr 15 17:29:47 msi microk8s.daemon-containerd[83095]: ++ echo 0
Apr 15 17:29:47 msi microk8s.daemon-containerd[82966]: + run_flanneld=0
Apr 15 17:29:47 msi microk8s.daemon-containerd[82966]: + '[' 0 == 1 ']'
Apr 15 17:29:47 msi microk8s.daemon-containerd[83096]: + is_strict
Apr 15 17:29:47 msi microk8s.daemon-containerd[83097]: + cat /snap/microk8s/6571/meta/snap.yaml
Apr 15 17:29:47 msi microk8s.daemon-containerd[83098]: + grep confinement
Apr 15 17:29:47 msi microk8s.daemon-containerd[83099]: + grep -q strict
Apr 15 17:29:47 msi microk8s.daemon-containerd[83096]: + return 1
Apr 15 17:29:47 msi microk8s.daemon-containerd[83100]: + is_strict
Apr 15 17:29:47 msi microk8s.daemon-containerd[83101]: + cat /snap/microk8s/6571/meta/snap.yaml
Apr 15 17:29:47 msi microk8s.daemon-containerd[83102]: + grep confinement
Apr 15 17:29:47 msi microk8s.daemon-containerd[83103]: + grep -q strict
Apr 15 17:29:47 msi microk8s.daemon-containerd[83100]: + return 1
Apr 15 17:29:47 msi microk8s.daemon-containerd[83100]: + is_first_boot /var/snap/microk8s/common/run/containerd
Apr 15 17:29:47 msi microk8s.daemon-containerd[83100]: + '[' -e /var/snap/microk8s/common/run/containerd/last-start-date ']'
Apr 15 17:29:47 msi microk8s.daemon-containerd[83100]: + '[' -e /proc/1 ']'
Apr 15 17:29:47 msi microk8s.daemon-containerd[83104]: ++ /snap/microk8s/6571/bin/cat /var/snap/microk8s/common/run/containerd/last-start-date
Apr 15 17:29:47 msi microk8s.daemon-containerd[83100]: + last_start=1744708545
Apr 15 17:29:47 msi microk8s.daemon-containerd[83100]: + '[' -e /proc/stat ']'
Apr 15 17:29:47 msi microk8s.daemon-containerd[83100]: + grep btime /proc/stat
Apr 15 17:29:47 msi microk8s.daemon-containerd[83105]: btime 1744705968
Apr 15 17:29:47 msi microk8s.daemon-containerd[83100]: + grep lxc /proc/1/environ
Apr 15 17:29:47 msi microk8s.daemon-containerd[83108]: ++ grep btime /proc/stat
Apr 15 17:29:47 msi microk8s.daemon-containerd[83109]: ++ cut '-d ' -f2
Apr 15 17:29:47 msi microk8s.daemon-containerd[83100]: + boot_time=1744705968
Apr 15 17:29:47 msi microk8s.daemon-containerd[83100]: + echo 'Last time service started was 1744708545 and the host booted at 1744705968'
Apr 15 17:29:47 msi microk8s.daemon-containerd[83100]: Last time service started was 1744708545 and the host booted at 1744705968
Apr 15 17:29:47 msi microk8s.daemon-containerd[83100]: + '[' 1744708545 -le 1744705968 ']'
Apr 15 17:29:47 msi microk8s.daemon-containerd[83100]: + return 1
Apr 15 17:29:47 msi microk8s.daemon-containerd[82966]: + mkdir -p /var/snap/microk8s/common/run/containerd
Apr 15 17:29:47 msi microk8s.daemon-containerd[82966]: + is_strict
Apr 15 17:29:47 msi microk8s.daemon-containerd[83111]: + cat /snap/microk8s/6571/meta/snap.yaml
Apr 15 17:29:47 msi microk8s.daemon-containerd[83112]: + grep confinement
Apr 15 17:29:47 msi microk8s.daemon-containerd[83113]: + grep -q strict
Apr 15 17:29:47 msi microk8s.daemon-containerd[82966]: + return 1
Apr 15 17:29:47 msi microk8s.daemon-containerd[82966]: + mark_boot_time /var/snap/microk8s/common/run/containerd
Apr 15 17:29:47 msi microk8s.daemon-containerd[83114]: ++ date +%s
Apr 15 17:29:47 msi microk8s.daemon-containerd[82966]: + now=1744709387
Apr 15 17:29:47 msi microk8s.daemon-containerd[82966]: + echo 1744709387
Apr 15 17:29:47 msi microk8s.daemon-containerd[83115]: ++ cat /var/snap/microk8s/6571/args/containerd
Apr 15 17:29:47 msi microk8s.daemon-containerd[82966]: + declare -a 'args=(--config ${SNAP_DATA}/args/containerd.toml
Apr 15 17:29:47 msi microk8s.daemon-containerd[82966]: --root ${SNAP_COMMON}/var/lib/containerd
Apr 15 17:29:47 msi microk8s.daemon-containerd[82966]: --state ${SNAP_COMMON}/run/containerd
Apr 15 17:29:47 msi microk8s.daemon-containerd[82966]: --address ${SNAP_COMMON}/run/containerd.sock)'
Apr 15 17:29:47 msi microk8s.daemon-containerd[82966]: + set -a
Apr 15 17:29:47 msi microk8s.daemon-containerd[82966]: + . /var/snap/microk8s/6571/args/containerd-env
Apr 15 17:29:47 msi microk8s.daemon-containerd[82966]: ++ PATH=/snap/microk8s/6571/usr/sbin:/snap/microk8s/6571/usr/bin:/snap/microk8s/6571/sbin:/snap/microk8s/6571/bin:/snap/microk8s/current/usr/sbin:/snap/microk8s/current/usr/bin:/snap/microk8s/current/sbin:/snap/microk8s/current/bin:/usr/local/sbin:/usr/local/bin:/usr/sbin:/usr/bin:/sbin:/bin:/usr/games:/usr/local/games:/snap/bin:
Apr 15 17:29:47 msi microk8s.daemon-containerd[82966]: ++ ulimit -n 65536
Apr 15 17:29:47 msi microk8s.daemon-containerd[82966]: ++ ulimit -l 16384
Apr 15 17:29:47 msi microk8s.daemon-containerd[82966]: + set +a
Apr 15 17:29:47 msi microk8s.daemon-containerd[82966]: + default_route_exists
Apr 15 17:29:47 msi microk8s.daemon-containerd[83116]: + ip route
Apr 15 17:29:47 msi microk8s.daemon-containerd[83117]: + grep '^default'
Apr 15 17:29:47 msi microk8s.daemon-containerd[83116]: + ip -6 route
Apr 15 17:29:47 msi microk8s.daemon-containerd[82966]: + wait_for_default_route
Apr 15 17:29:47 msi microk8s.daemon-containerd[82966]: + n=0
Apr 15 17:29:47 msi microk8s.daemon-containerd[82966]: + '[' 0 -ge 5 ']'
Apr 15 17:29:47 msi microk8s.daemon-containerd[82966]: + default_route_exists
Apr 15 17:29:47 msi microk8s.daemon-containerd[83120]: + ip route
Apr 15 17:29:47 msi microk8s.daemon-containerd[83121]: + grep '^default'
Apr 15 17:29:47 msi microk8s.daemon-containerd[83120]: + ip -6 route
Apr 15 17:29:47 msi microk8s.daemon-containerd[82966]: + break
Apr 15 17:29:47 msi microk8s.daemon-containerd[82966]: + export CILIUM_SOCK=/var/snap/microk8s/6571/var/run/cilium/cilium.sock
Apr 15 17:29:47 msi microk8s.daemon-containerd[82966]: + CILIUM_SOCK=/var/snap/microk8s/6571/var/run/cilium/cilium.sock
Apr 15 17:29:47 msi microk8s.daemon-containerd[82966]: + exec /snap/microk8s/6571/bin/containerd --config /var/snap/microk8s/6571/args/containerd.toml --root /var/snap/microk8s/common/var/lib/containerd --state /var/snap/microk8s/common/run/containerd --address /var/snap/microk8s/common/run/containerd.sock
Apr 15 17:29:47 msi microk8s.daemon-containerd[82966]: time="2025-04-15T17:29:47.775097986+08:00" level=info msg="starting containerd" revision=ae07eda36dd25f8a1b98dfbf587313b99c0190bb version=v1.6.28
Apr 15 17:29:47 msi microk8s.daemon-containerd[82966]: time="2025-04-15T17:29:47.782289263+08:00" level=info msg="loading plugin \"io.containerd.content.v1.content\"..." type=io.containerd.content.v1
Apr 15 17:29:47 msi microk8s.daemon-containerd[82966]: time="2025-04-15T17:29:47.782329066+08:00" level=info msg="loading plugin \"io.containerd.snapshotter.v1.aufs\"..." type=io.containerd.snapshotter.v1
Apr 15 17:29:47 msi microk8s.daemon-containerd[82966]: time="2025-04-15T17:29:47.791603251+08:00" level=info msg="skip loading plugin \"io.containerd.snapshotter.v1.aufs\"..." error="aufs is not supported (modprobe aufs failed: exit status 1 \"modprobe: FATAL: Module aufs not found in directory /lib/modules/5.15.167.4-microsoft-standard-WSL2\\n\"): skip plugin" type=io.containerd.snapshotter.v1
Apr 15 17:29:47 msi microk8s.daemon-containerd[82966]: time="2025-04-15T17:29:47.791631595+08:00" level=info msg="loading plugin \"io.containerd.snapshotter.v1.btrfs\"..." type=io.containerd.snapshotter.v1
Apr 15 17:29:47 msi microk8s.daemon-containerd[82966]: time="2025-04-15T17:29:47.791770681+08:00" level=info msg="skip loading plugin \"io.containerd.snapshotter.v1.btrfs\"..." error="path /var/snap/microk8s/common/var/lib/containerd/io.containerd.snapshotter.v1.btrfs (ext4) must be a btrfs filesystem to be used with the btrfs snapshotter: skip plugin" type=io.containerd.snapshotter.v1
Apr 15 17:29:47 msi microk8s.daemon-containerd[82966]: time="2025-04-15T17:29:47.791786391+08:00" level=info msg="loading plugin \"io.containerd.snapshotter.v1.devmapper\"..." type=io.containerd.snapshotter.v1
Apr 15 17:29:47 msi microk8s.daemon-containerd[82966]: time="2025-04-15T17:29:47.791793365+08:00" level=warning msg="failed to load plugin io.containerd.snapshotter.v1.devmapper" error="devmapper not configured"
Apr 15 17:29:47 msi microk8s.daemon-containerd[82966]: time="2025-04-15T17:29:47.791797717+08:00" level=info msg="loading plugin \"io.containerd.snapshotter.v1.native\"..." type=io.containerd.snapshotter.v1
Apr 15 17:29:47 msi microk8s.daemon-containerd[82966]: time="2025-04-15T17:29:47.791809265+08:00" level=info msg="loading plugin \"io.containerd.snapshotter.v1.overlayfs\"..." type=io.containerd.snapshotter.v1
Apr 15 17:29:47 msi microk8s.daemon-containerd[82966]: time="2025-04-15T17:29:47.791914443+08:00" level=info msg="loading plugin \"io.containerd.snapshotter.v1.zfs\"..." type=io.containerd.snapshotter.v1
Apr 15 17:29:47 msi microk8s.daemon-containerd[82966]: time="2025-04-15T17:29:47.792021668+08:00" level=info msg="skip loading plugin \"io.containerd.snapshotter.v1.zfs\"..." error="path /var/snap/microk8s/common/var/lib/containerd/io.containerd.snapshotter.v1.zfs must be a zfs filesystem to be used with the zfs snapshotter: skip plugin" type=io.containerd.snapshotter.v1
Apr 15 17:29:47 msi microk8s.daemon-containerd[82966]: time="2025-04-15T17:29:47.792036117+08:00" level=info msg="loading plugin \"io.containerd.metadata.v1.bolt\"..." type=io.containerd.metadata.v1
Apr 15 17:29:47 msi microk8s.daemon-containerd[82966]: time="2025-04-15T17:29:47.792044881+08:00" level=warning msg="could not use snapshotter devmapper in metadata plugin" error="devmapper not configured"
Apr 15 17:29:47 msi microk8s.daemon-containerd[82966]: time="2025-04-15T17:29:47.792051595+08:00" level=info msg="metadata content store policy set" policy=shared
Apr 15 17:29:47 msi microk8s.daemon-containerd[82966]: time="2025-04-15T17:29:47.792123995+08:00" level=info msg="loading plugin \"io.containerd.differ.v1.walking\"..." type=io.containerd.differ.v1
Apr 15 17:29:47 msi microk8s.daemon-containerd[82966]: time="2025-04-15T17:29:47.792131728+08:00" level=info msg="loading plugin \"io.containerd.event.v1.exchange\"..." type=io.containerd.event.v1
Apr 15 17:29:47 msi microk8s.daemon-containerd[82966]: time="2025-04-15T17:29:47.792136684+08:00" level=info msg="loading plugin \"io.containerd.gc.v1.scheduler\"..." type=io.containerd.gc.v1
Apr 15 17:29:47 msi microk8s.daemon-containerd[82966]: time="2025-04-15T17:29:47.792149639+08:00" level=info msg="loading plugin \"io.containerd.warning.v1.deprecations\"..." type=io.containerd.warning.v1
Apr 15 17:29:47 msi microk8s.daemon-containerd[82966]: time="2025-04-15T17:29:47.792154877+08:00" level=info msg="loading plugin \"io.containerd.service.v1.introspection-service\"..." type=io.containerd.service.v1
Apr 15 17:29:47 msi microk8s.daemon-containerd[82966]: time="2025-04-15T17:29:47.792161049+08:00" level=info msg="loading plugin \"io.containerd.service.v1.containers-service\"..." type=io.containerd.service.v1
Apr 15 17:29:47 msi microk8s.daemon-containerd[82966]: time="2025-04-15T17:29:47.792166941+08:00" level=info msg="loading plugin \"io.containerd.service.v1.content-service\"..." type=io.containerd.service.v1
Apr 15 17:29:47 msi microk8s.daemon-containerd[82966]: time="2025-04-15T17:29:47.792171859+08:00" level=info msg="loading plugin \"io.containerd.service.v1.diff-service\"..." type=io.containerd.service.v1
Apr 15 17:29:47 msi microk8s.daemon-containerd[82966]: time="2025-04-15T17:29:47.792177772+08:00" level=info msg="loading plugin \"io.containerd.service.v1.images-service\"..." type=io.containerd.service.v1
Apr 15 17:29:47 msi microk8s.daemon-containerd[82966]: time="2025-04-15T17:29:47.792183601+08:00" level=info msg="loading plugin \"io.containerd.service.v1.leases-service\"..." type=io.containerd.service.v1
Apr 15 17:29:47 msi microk8s.daemon-containerd[82966]: time="2025-04-15T17:29:47.792188903+08:00" level=info msg="loading plugin \"io.containerd.service.v1.namespaces-service\"..." type=io.containerd.service.v1
Apr 15 17:29:47 msi microk8s.daemon-containerd[82966]: time="2025-04-15T17:29:47.792194004+08:00" level=info msg="loading plugin \"io.containerd.service.v1.snapshots-service\"..." type=io.containerd.service.v1
Apr 15 17:29:47 msi microk8s.daemon-containerd[82966]: time="2025-04-15T17:29:47.792199323+08:00" level=info msg="loading plugin \"io.containerd.runtime.v1.linux\"..." type=io.containerd.runtime.v1
Apr 15 17:29:47 msi microk8s.daemon-containerd[82966]: time="2025-04-15T17:29:47.792218359+08:00" level=info msg="loading plugin \"io.containerd.runtime.v2.task\"..." type=io.containerd.runtime.v2
Apr 15 17:29:47 msi microk8s.daemon-containerd[82966]: time="2025-04-15T17:29:47.792234172+08:00" level=info msg="loading plugin \"io.containerd.monitor.v1.cgroups\"..." type=io.containerd.monitor.v1
Apr 15 17:29:47 msi microk8s.daemon-containerd[82966]: time="2025-04-15T17:29:47.792375362+08:00" level=info msg="loading plugin \"io.containerd.service.v1.tasks-service\"..." type=io.containerd.service.v1
Apr 15 17:29:47 msi microk8s.daemon-containerd[82966]: time="2025-04-15T17:29:47.792386865+08:00" level=info msg="loading plugin \"io.containerd.grpc.v1.introspection\"..." type=io.containerd.grpc.v1
Apr 15 17:29:47 msi microk8s.daemon-containerd[82966]: time="2025-04-15T17:29:47.792392532+08:00" level=info msg="loading plugin \"io.containerd.internal.v1.restart\"..." type=io.containerd.internal.v1
Apr 15 17:29:47 msi microk8s.daemon-containerd[82966]: time="2025-04-15T17:29:47.792413693+08:00" level=info msg="loading plugin \"io.containerd.grpc.v1.containers\"..." type=io.containerd.grpc.v1
Apr 15 17:29:47 msi microk8s.daemon-containerd[82966]: time="2025-04-15T17:29:47.792420939+08:00" level=info msg="loading plugin \"io.containerd.grpc.v1.content\"..." type=io.containerd.grpc.v1
Apr 15 17:29:47 msi microk8s.daemon-containerd[82966]: time="2025-04-15T17:29:47.792426359+08:00" level=info msg="loading plugin \"io.containerd.grpc.v1.diff\"..." type=io.containerd.grpc.v1
Apr 15 17:29:47 msi microk8s.daemon-containerd[82966]: time="2025-04-15T17:29:47.792431668+08:00" level=info msg="loading plugin \"io.containerd.grpc.v1.events\"..." type=io.containerd.grpc.v1
Apr 15 17:29:47 msi microk8s.daemon-containerd[82966]: time="2025-04-15T17:29:47.792436603+08:00" level=info msg="loading plugin \"io.containerd.grpc.v1.healthcheck\"..." type=io.containerd.grpc.v1
Apr 15 17:29:47 msi microk8s.daemon-containerd[82966]: time="2025-04-15T17:29:47.792441341+08:00" level=info msg="loading plugin \"io.containerd.grpc.v1.images\"..." type=io.containerd.grpc.v1
Apr 15 17:29:47 msi microk8s.daemon-containerd[82966]: time="2025-04-15T17:29:47.792446044+08:00" level=info msg="loading plugin \"io.containerd.grpc.v1.leases\"..." type=io.containerd.grpc.v1
Apr 15 17:29:47 msi microk8s.daemon-containerd[82966]: time="2025-04-15T17:29:47.792451165+08:00" level=info msg="loading plugin \"io.containerd.grpc.v1.namespaces\"..." type=io.containerd.grpc.v1
Apr 15 17:29:47 msi microk8s.daemon-containerd[82966]: time="2025-04-15T17:29:47.792456290+08:00" level=info msg="loading plugin \"io.containerd.internal.v1.opt\"..." type=io.containerd.internal.v1
Apr 15 17:29:47 msi microk8s.daemon-containerd[82966]: time="2025-04-15T17:29:47.792488552+08:00" level=info msg="loading plugin \"io.containerd.grpc.v1.snapshots\"..." type=io.containerd.grpc.v1
Apr 15 17:29:47 msi microk8s.daemon-containerd[82966]: time="2025-04-15T17:29:47.792494296+08:00" level=info msg="loading plugin \"io.containerd.grpc.v1.tasks\"..." type=io.containerd.grpc.v1
Apr 15 17:29:47 msi microk8s.daemon-containerd[82966]: time="2025-04-15T17:29:47.792499600+08:00" level=info msg="loading plugin \"io.containerd.grpc.v1.version\"..." type=io.containerd.grpc.v1
Apr 15 17:29:47 msi microk8s.daemon-containerd[82966]: time="2025-04-15T17:29:47.792504373+08:00" level=info msg="loading plugin \"io.containerd.tracing.processor.v1.otlp\"..." type=io.containerd.tracing.processor.v1
Apr 15 17:29:47 msi microk8s.daemon-containerd[82966]: time="2025-04-15T17:29:47.792511929+08:00" level=info msg="skip loading plugin \"io.containerd.tracing.processor.v1.otlp\"..." error="no OpenTelemetry endpoint: skip plugin" type=io.containerd.tracing.processor.v1
Apr 15 17:29:47 msi microk8s.daemon-containerd[82966]: time="2025-04-15T17:29:47.792516892+08:00" level=info msg="loading plugin \"io.containerd.internal.v1.tracing\"..." type=io.containerd.internal.v1
Apr 15 17:29:47 msi microk8s.daemon-containerd[82966]: time="2025-04-15T17:29:47.792527688+08:00" level=error msg="failed to initialize a tracing processor \"otlp\"" error="no OpenTelemetry endpoint: skip plugin"
Apr 15 17:29:47 msi microk8s.daemon-containerd[82966]: time="2025-04-15T17:29:47.792551473+08:00" level=info msg="loading plugin \"io.containerd.grpc.v1.cri\"..." type=io.containerd.grpc.v1
Apr 15 17:29:47 msi microk8s.daemon-containerd[82966]: time="2025-04-15T17:29:47.792704889+08:00" level=info msg="Start cri plugin with config {PluginConfig:{ContainerdConfig:{Snapshotter:overlayfs DefaultRuntimeName:runc DefaultRuntime:{Type: Path: Engine: PodAnnotations:[] ContainerAnnotations:[] Root: Options:map[] PrivilegedWithoutHostDevices:false BaseRuntimeSpec: NetworkPluginConfDir: NetworkPluginMaxConfNum:0} UntrustedWorkloadRuntime:{Type: Path: Engine: PodAnnotations:[] ContainerAnnotations:[] Root: Options:map[] PrivilegedWithoutHostDevices:false BaseRuntimeSpec: NetworkPluginConfDir: NetworkPluginMaxConfNum:0} Runtimes:map[kata:{Type:io.containerd.kata.v2 Path: Engine: PodAnnotations:[] ContainerAnnotations:[] Root: Options:map[BinaryName:kata-runtime] PrivilegedWithoutHostDevices:false BaseRuntimeSpec: NetworkPluginConfDir: NetworkPluginMaxConfNum:0} nvidia-container-runtime:{Type:io.containerd.runc.v2 Path: Engine: PodAnnotations:[] ContainerAnnotations:[] Root: Options:map[BinaryName:nvidia-container-runtime] PrivilegedWithoutHostDevices:false BaseRuntimeSpec: NetworkPluginConfDir: NetworkPluginMaxConfNum:0} runc:{Type:io.containerd.runc.v2 Path: Engine: PodAnnotations:[] ContainerAnnotations:[] Root: Options:map[] PrivilegedWithoutHostDevices:false BaseRuntimeSpec: NetworkPluginConfDir: NetworkPluginMaxConfNum:0}] NoPivot:false DisableSnapshotAnnotations:true DiscardUnpackedLayers:false IgnoreRdtNotEnabledErrors:false} CniConfig:{NetworkPluginBinDir:/var/snap/microk8s/6571/opt/cni/bin NetworkPluginConfDir:/var/snap/microk8s/6571/args/cni-network NetworkPluginMaxConfNum:1 NetworkPluginConfTemplate: IPPreference:} Registry:{ConfigPath:/var/snap/microk8s/6571/args/certs.d Mirrors:map[] Configs:map[] Auths:map[] Headers:map[]} ImageDecryption:{KeyModel:node} DisableTCPService:true StreamServerAddress:127.0.0.1 StreamServerPort:0 StreamIdleTimeout:4h0m0s EnableSelinux:false SelinuxCategoryRange:1024 SandboxImage:k8s.gcr.io/pause:3.7 StatsCollectPeriod:10 SystemdCgroup:false EnableTLSStreaming:false X509KeyPairStreaming:{TLSCertFile: TLSKeyFile:} MaxContainerLogLineSize:16384 DisableCgroup:false DisableApparmor:false RestrictOOMScoreAdj:false MaxConcurrentDownloads:3 DisableProcMount:false UnsetSeccompProfile: TolerateMissingHugetlbController:true DisableHugetlbController:true DeviceOwnershipFromSecurityContext:false IgnoreImageDefinedVolumes:false NetNSMountsUnderStateDir:false EnableUnprivilegedPorts:false EnableUnprivilegedICMP:false} ContainerdRootDir:/var/snap/microk8s/common/var/lib/containerd ContainerdEndpoint:/var/snap/microk8s/common/run/containerd.sock RootDir:/var/snap/microk8s/common/var/lib/containerd/io.containerd.grpc.v1.cri StateDir:/var/snap/microk8s/common/run/containerd/io.containerd.grpc.v1.cri}"
Apr 15 17:29:47 msi microk8s.daemon-containerd[82966]: time="2025-04-15T17:29:47.792733398+08:00" level=info msg="Connect containerd service"
Apr 15 17:29:47 msi microk8s.daemon-containerd[82966]: time="2025-04-15T17:29:47.792753538+08:00" level=info msg="Get image filesystem path \"/var/snap/microk8s/common/var/lib/containerd/io.containerd.snapshotter.v1.overlayfs\""
Apr 15 17:29:47 msi microk8s.daemon-containerd[82966]: time="2025-04-15T17:29:47.792953153+08:00" level=error msg="failed to load cni during init, please check CRI plugin status before setting up network for pods" error="cni config load failed: no network config found in /var/snap/microk8s/6571/args/cni-network: cni plugin not initialized: failed to load cni config"
Apr 15 17:29:47 msi microk8s.daemon-containerd[82966]: time="2025-04-15T17:29:47.793079589+08:00" level=info msg=serving... address="127.0.0.1:1338"
Apr 15 17:29:47 msi microk8s.daemon-containerd[82966]: time="2025-04-15T17:29:47.793076600+08:00" level=info msg="Start subscribing containerd event"
Apr 15 17:29:47 msi microk8s.daemon-containerd[82966]: time="2025-04-15T17:29:47.793118943+08:00" level=info msg="Start recovering state"
Apr 15 17:29:47 msi microk8s.daemon-containerd[82966]: time="2025-04-15T17:29:47.793153794+08:00" level=info msg=serving... address=/var/snap/microk8s/common/run/containerd.sock.ttrpc
Apr 15 17:29:47 msi microk8s.daemon-containerd[82966]: time="2025-04-15T17:29:47.793368217+08:00" level=info msg=serving... address=/var/snap/microk8s/common/run/containerd.sock
Apr 15 17:29:47 msi microk8s.daemon-containerd[82966]: time="2025-04-15T17:29:47.793892907+08:00" level=info msg="Start event monitor"
Apr 15 17:29:47 msi microk8s.daemon-containerd[82966]: time="2025-04-15T17:29:47.793918673+08:00" level=info msg="Start snapshots syncer"
Apr 15 17:29:47 msi microk8s.daemon-containerd[82966]: time="2025-04-15T17:29:47.793940110+08:00" level=info msg="Start cni network conf syncer for default"
Apr 15 17:29:47 msi microk8s.daemon-containerd[82966]: time="2025-04-15T17:29:47.793946464+08:00" level=info msg="Start streaming server"
Apr 15 17:29:47 msi microk8s.daemon-containerd[82966]: time="2025-04-15T17:29:47.793988989+08:00" level=info msg="containerd successfully booted in 0.019568s"
Apr 15 17:29:47 msi systemd[1]: Started Service for snap application microk8s.daemon-containerd.
Apr 15 17:40:55 msi systemd[1]: Stopping Service for snap application microk8s.daemon-containerd...
Apr 15 17:40:55 msi microk8s.daemon-containerd[82966]: time="2025-04-15T17:40:55.936835261+08:00" level=info msg="Stop CRI service"
Apr 15 17:40:55 msi microk8s.daemon-containerd[82966]: time="2025-04-15T17:40:55.969064160+08:00" level=info msg="Stop CRI service"
Apr 15 17:40:55 msi microk8s.daemon-containerd[82966]: time="2025-04-15T17:40:55.969126242+08:00" level=info msg="Event monitor stopped"
Apr 15 17:40:55 msi microk8s.daemon-containerd[82966]: time="2025-04-15T17:40:55.969133819+08:00" level=info msg="Stream server stopped"
Apr 15 17:40:55 msi systemd[1]: snap.microk8s.daemon-containerd.service: Deactivated successfully.
Apr 15 17:40:55 msi systemd[1]: Stopped Service for snap application microk8s.daemon-containerd.
Apr 15 17:41:33 msi systemd[1]: Starting Service for snap application microk8s.daemon-containerd...
Apr 15 17:41:34 msi microk8s.daemon-containerd[147617]: + source /snap/microk8s/6571/actions/common/utils.sh
Apr 15 17:41:34 msi microk8s.daemon-containerd[147617]: ++ [[ /snap/microk8s/6571/run-containerd-with-args == \/\s\n\a\p\/\m\i\c\r\o\k\8\s\/\6\5\7\1\/\a\c\t\i\o\n\s\/\c\o\m\m\o\n\/\u\t\i\l\s\.\s\h ]]
Apr 15 17:41:34 msi microk8s.daemon-containerd[147617]: + is_strict
Apr 15 17:41:34 msi microk8s.daemon-containerd[147715]: + cat /snap/microk8s/6571/meta/snap.yaml
Apr 15 17:41:34 msi microk8s.daemon-containerd[147716]: + grep confinement
Apr 15 17:41:34 msi microk8s.daemon-containerd[147717]: + grep -q strict
Apr 15 17:41:34 msi microk8s.daemon-containerd[147617]: + return 1
Apr 15 17:41:34 msi microk8s.daemon-containerd[147617]: + '[' -d /sys/kernel/security/apparmor ']'
Apr 15 17:41:34 msi microk8s.daemon-containerd[147720]: ++ echo /snap/microk8s/6571
Apr 15 17:41:34 msi microk8s.daemon-containerd[147721]: ++ sed -e s,6571,current,
Apr 15 17:41:34 msi microk8s.daemon-containerd[147617]: + SNAP_CURRENT=/snap/microk8s/current
Apr 15 17:41:34 msi microk8s.daemon-containerd[147617]: + CURRENT_PATH=/snap/microk8s/current/usr/sbin:/snap/microk8s/current/usr/bin:/snap/microk8s/current/sbin:/snap/microk8s/current/bin
Apr 15 17:41:34 msi microk8s.daemon-containerd[147617]: + export PATH=/snap/microk8s/6571/usr/sbin:/snap/microk8s/6571/usr/bin:/snap/microk8s/6571/sbin:/snap/microk8s/6571/bin:/snap/microk8s/current/usr/sbin:/snap/microk8s/current/usr/bin:/snap/microk8s/current/sbin:/snap/microk8s/current/bin:/usr/local/sbin:/usr/local/bin:/usr/sbin:/usr/bin:/sbin:/bin:/usr/games:/usr/local/games:/snap/bin
Apr 15 17:41:34 msi microk8s.daemon-containerd[147617]: + PATH=/snap/microk8s/6571/usr/sbin:/snap/microk8s/6571/usr/bin:/snap/microk8s/6571/sbin:/snap/microk8s/6571/bin:/snap/microk8s/current/usr/sbin:/snap/microk8s/current/usr/bin:/snap/microk8s/current/sbin:/snap/microk8s/current/bin:/usr/local/sbin:/usr/local/bin:/usr/sbin:/usr/bin:/sbin:/bin:/usr/games:/usr/local/games:/snap/bin
Apr 15 17:41:34 msi microk8s.daemon-containerd[147724]: ++ /snap/microk8s/6571/bin/uname -m
Apr 15 17:41:34 msi microk8s.daemon-containerd[147617]: + ARCH=x86_64
Apr 15 17:41:34 msi microk8s.daemon-containerd[147617]: + export LD_LIBRARY_PATH=:/snap/microk8s/6571/lib:/snap/microk8s/6571/usr/lib:/snap/microk8s/6571/lib/x86_64-linux-gnu:/snap/microk8s/6571/usr/lib/x86_64-linux-gnu
Apr 15 17:41:34 msi microk8s.daemon-containerd[147617]: + LD_LIBRARY_PATH=:/snap/microk8s/6571/lib:/snap/microk8s/6571/usr/lib:/snap/microk8s/6571/lib/x86_64-linux-gnu:/snap/microk8s/6571/usr/lib/x86_64-linux-gnu
Apr 15 17:41:34 msi microk8s.daemon-containerd[147617]: + export LD_LIBRARY_PATH=/var/lib/snapd/lib/gl:/var/lib/snapd/lib/gl32:/var/lib/snapd/void::/snap/microk8s/6571/lib:/snap/microk8s/6571/usr/lib:/snap/microk8s/6571/lib/x86_64-linux-gnu:/snap/microk8s/6571/usr/lib/x86_64-linux-gnu
Apr 15 17:41:34 msi microk8s.daemon-containerd[147617]: + LD_LIBRARY_PATH=/var/lib/snapd/lib/gl:/var/lib/snapd/lib/gl32:/var/lib/snapd/void::/snap/microk8s/6571/lib:/snap/microk8s/6571/usr/lib:/snap/microk8s/6571/lib/x86_64-linux-gnu:/snap/microk8s/6571/usr/lib/x86_64-linux-gnu
Apr 15 17:41:34 msi microk8s.daemon-containerd[147617]: + export XDG_RUNTIME_DIR=/var/snap/microk8s/common/run
Apr 15 17:41:34 msi microk8s.daemon-containerd[147617]: + XDG_RUNTIME_DIR=/var/snap/microk8s/common/run
Apr 15 17:41:34 msi microk8s.daemon-containerd[147617]: + mkdir -p /var/snap/microk8s/common/run
Apr 15 17:41:34 msi microk8s.daemon-containerd[147617]: + is_strict
Apr 15 17:41:34 msi microk8s.daemon-containerd[147726]: + cat /snap/microk8s/6571/meta/snap.yaml
Apr 15 17:41:34 msi microk8s.daemon-containerd[147727]: + grep confinement
Apr 15 17:41:34 msi microk8s.daemon-containerd[147728]: + grep -q strict
Apr 15 17:41:34 msi microk8s.daemon-containerd[147617]: + return 1
Apr 15 17:41:34 msi microk8s.daemon-containerd[147617]: + '[' -d /etc/apparmor.d ']'
Apr 15 17:41:34 msi microk8s.daemon-containerd[147617]: + echo 'Using a default profile template'
Apr 15 17:41:34 msi microk8s.daemon-containerd[147617]: Using a default profile template
Apr 15 17:41:34 msi microk8s.daemon-containerd[147617]: + cp /snap/microk8s/6571/containerd-profile /etc/apparmor.d/cri-containerd.apparmor.d
Apr 15 17:41:34 msi microk8s.daemon-containerd[147617]: + echo 'Reloading AppArmor profiles'
Apr 15 17:41:34 msi microk8s.daemon-containerd[147617]: Reloading AppArmor profiles
Apr 15 17:41:34 msi microk8s.daemon-containerd[147617]: + service apparmor reload
Apr 15 17:41:34 msi microk8s.daemon-containerd[147730]: apparmor.service is not active, cannot reload.
Apr 15 17:41:34 msi systemd[1]: snap.microk8s.daemon-containerd.service: Got notification message from PID 147730, but reception only permitted for main PID 147617
Apr 15 17:41:34 msi microk8s.daemon-containerd[147617]: + echo 'AppArmor profiles loading failed. AppArmor may be unavailable on this host.'
Apr 15 17:41:34 msi microk8s.daemon-containerd[147617]: AppArmor profiles loading failed. AppArmor may be unavailable on this host.
Apr 15 17:41:34 msi microk8s.daemon-containerd[147617]: + app=containerd
Apr 15 17:41:34 msi microk8s.daemon-containerd[147617]: + RUNTIME=runc
Apr 15 17:41:34 msi microk8s.daemon-containerd[147617]: + RUNTIME_TYPE=io.containerd.runc.v1
Apr 15 17:41:34 msi microk8s.daemon-containerd[147735]: ++ snapshotter
Apr 15 17:41:34 msi microk8s.daemon-containerd[147736]: +++ stat -f -c %T /var/snap/microk8s/common
Apr 15 17:41:34 msi microk8s.daemon-containerd[147735]: ++ FSTYPE=ext2/ext3
Apr 15 17:41:34 msi microk8s.daemon-containerd[147735]: ++ '[' ext2/ext3 = zfs ']'
Apr 15 17:41:34 msi microk8s.daemon-containerd[147735]: ++ echo overlayfs
Apr 15 17:41:34 msi microk8s.daemon-containerd[147617]: + SNAPSHOTTER=overlayfs
Apr 15 17:41:34 msi microk8s.daemon-containerd[147737]: + mount -t cgroup2
Apr 15 17:41:34 msi microk8s.daemon-containerd[147738]: + grep -q 'type cgroup2'
Apr 15 17:41:34 msi microk8s.daemon-containerd[147617]: + RUNTIME_TYPE=io.containerd.runc.v2
Apr 15 17:41:34 msi microk8s.daemon-containerd[147617]: + sed 's@${SNAP}@/snap/microk8s/6571@g;s@${SNAP_DATA}@/var/snap/microk8s/6571@g;s@${SNAPSHOTTER}@overlayfs@g;s@${RUNTIME}@runc@g' /var/snap/microk8s/6571/args/containerd-template.toml
Apr 15 17:41:34 msi microk8s.daemon-containerd[147617]: + sed -i 's@${RUNTIME_TYPE}@io.containerd.runc.v2@g' /var/snap/microk8s/6571/args/containerd.toml
Apr 15 17:41:34 msi microk8s.daemon-containerd[147741]: ++ is_service_expected_to_start flanneld
Apr 15 17:41:34 msi microk8s.daemon-containerd[147741]: ++ local service=flanneld
Apr 15 17:41:34 msi microk8s.daemon-containerd[147741]: ++ '[' -f /var/snap/microk8s/6571/var/lock/no-flanneld ']'
Apr 15 17:41:34 msi microk8s.daemon-containerd[147741]: ++ echo 0
Apr 15 17:41:34 msi microk8s.daemon-containerd[147617]: + run_flanneld=0
Apr 15 17:41:34 msi microk8s.daemon-containerd[147617]: + '[' 0 == 1 ']'
Apr 15 17:41:34 msi microk8s.daemon-containerd[147742]: + is_strict
Apr 15 17:41:34 msi microk8s.daemon-containerd[147743]: + cat /snap/microk8s/6571/meta/snap.yaml
Apr 15 17:41:34 msi microk8s.daemon-containerd[147744]: + grep confinement
Apr 15 17:41:34 msi microk8s.daemon-containerd[147745]: + grep -q strict
Apr 15 17:41:34 msi microk8s.daemon-containerd[147742]: + return 1
Apr 15 17:41:34 msi microk8s.daemon-containerd[147746]: + is_strict
Apr 15 17:41:34 msi microk8s.daemon-containerd[147747]: + cat /snap/microk8s/6571/meta/snap.yaml
Apr 15 17:41:34 msi microk8s.daemon-containerd[147748]: + grep confinement
Apr 15 17:41:34 msi microk8s.daemon-containerd[147749]: + grep -q strict
Apr 15 17:41:34 msi microk8s.daemon-containerd[147746]: + return 1
Apr 15 17:41:34 msi microk8s.daemon-containerd[147746]: + is_first_boot /var/snap/microk8s/common/run/containerd
Apr 15 17:41:34 msi microk8s.daemon-containerd[147746]: + '[' -e /var/snap/microk8s/common/run/containerd/last-start-date ']'
Apr 15 17:41:34 msi microk8s.daemon-containerd[147746]: + '[' -e /proc/1 ']'
Apr 15 17:41:34 msi microk8s.daemon-containerd[147750]: ++ /snap/microk8s/6571/bin/cat /var/snap/microk8s/common/run/containerd/last-start-date
Apr 15 17:41:34 msi microk8s.daemon-containerd[147746]: + last_start=1744709387
Apr 15 17:41:34 msi microk8s.daemon-containerd[147746]: + '[' -e /proc/stat ']'
Apr 15 17:41:34 msi microk8s.daemon-containerd[147746]: + grep btime /proc/stat
Apr 15 17:41:34 msi microk8s.daemon-containerd[147751]: btime 1744706024
Apr 15 17:41:34 msi microk8s.daemon-containerd[147746]: + grep lxc /proc/1/environ
Apr 15 17:41:34 msi microk8s.daemon-containerd[147754]: ++ grep btime /proc/stat
Apr 15 17:41:34 msi microk8s.daemon-containerd[147755]: ++ cut '-d ' -f2
Apr 15 17:41:34 msi microk8s.daemon-containerd[147746]: + boot_time=1744706024
Apr 15 17:41:34 msi microk8s.daemon-containerd[147746]: + echo 'Last time service started was 1744709387 and the host booted at 1744706024'
Apr 15 17:41:34 msi microk8s.daemon-containerd[147746]: Last time service started was 1744709387 and the host booted at 1744706024
Apr 15 17:41:34 msi microk8s.daemon-containerd[147746]: + '[' 1744709387 -le 1744706024 ']'
Apr 15 17:41:34 msi microk8s.daemon-containerd[147746]: + return 1
Apr 15 17:41:34 msi microk8s.daemon-containerd[147617]: + mkdir -p /var/snap/microk8s/common/run/containerd
Apr 15 17:41:34 msi microk8s.daemon-containerd[147617]: + is_strict
Apr 15 17:41:34 msi microk8s.daemon-containerd[147757]: + cat /snap/microk8s/6571/meta/snap.yaml
Apr 15 17:41:34 msi microk8s.daemon-containerd[147758]: + grep confinement
Apr 15 17:41:34 msi microk8s.daemon-containerd[147759]: + grep -q strict
Apr 15 17:41:34 msi microk8s.daemon-containerd[147617]: + return 1
Apr 15 17:41:34 msi microk8s.daemon-containerd[147617]: + mark_boot_time /var/snap/microk8s/common/run/containerd
Apr 15 17:41:34 msi microk8s.daemon-containerd[147760]: ++ date +%s
Apr 15 17:41:34 msi microk8s.daemon-containerd[147617]: + now=1744710094
Apr 15 17:41:34 msi microk8s.daemon-containerd[147617]: + echo 1744710094
Apr 15 17:41:34 msi microk8s.daemon-containerd[147761]: ++ cat /var/snap/microk8s/6571/args/containerd
Apr 15 17:41:34 msi microk8s.daemon-containerd[147617]: + declare -a 'args=(--config ${SNAP_DATA}/args/containerd.toml
Apr 15 17:41:34 msi microk8s.daemon-containerd[147617]: --root ${SNAP_COMMON}/var/lib/containerd
Apr 15 17:41:34 msi microk8s.daemon-containerd[147617]: --state ${SNAP_COMMON}/run/containerd
Apr 15 17:41:34 msi microk8s.daemon-containerd[147617]: --address ${SNAP_COMMON}/run/containerd.sock)'
Apr 15 17:41:34 msi microk8s.daemon-containerd[147617]: + set -a
Apr 15 17:41:34 msi microk8s.daemon-containerd[147617]: + . /var/snap/microk8s/6571/args/containerd-env
Apr 15 17:41:34 msi microk8s.daemon-containerd[147617]: ++ PATH=/snap/microk8s/6571/usr/sbin:/snap/microk8s/6571/usr/bin:/snap/microk8s/6571/sbin:/snap/microk8s/6571/bin:/snap/microk8s/current/usr/sbin:/snap/microk8s/current/usr/bin:/snap/microk8s/current/sbin:/snap/microk8s/current/bin:/usr/local/sbin:/usr/local/bin:/usr/sbin:/usr/bin:/sbin:/bin:/usr/games:/usr/local/games:/snap/bin:
Apr 15 17:41:34 msi microk8s.daemon-containerd[147617]: ++ ulimit -n 65536
Apr 15 17:41:34 msi microk8s.daemon-containerd[147617]: ++ ulimit -l 16384
Apr 15 17:41:34 msi microk8s.daemon-containerd[147617]: + set +a
Apr 15 17:41:34 msi microk8s.daemon-containerd[147617]: + default_route_exists
Apr 15 17:41:34 msi microk8s.daemon-containerd[147762]: + ip route
Apr 15 17:41:34 msi microk8s.daemon-containerd[147763]: + grep '^default'
Apr 15 17:41:34 msi microk8s.daemon-containerd[147762]: + ip -6 route
Apr 15 17:41:34 msi microk8s.daemon-containerd[147617]: + wait_for_default_route
Apr 15 17:41:34 msi microk8s.daemon-containerd[147617]: + n=0
Apr 15 17:41:34 msi microk8s.daemon-containerd[147617]: + '[' 0 -ge 5 ']'
Apr 15 17:41:34 msi microk8s.daemon-containerd[147617]: + default_route_exists
Apr 15 17:41:34 msi microk8s.daemon-containerd[147766]: + ip route
Apr 15 17:41:34 msi microk8s.daemon-containerd[147767]: + grep '^default'
Apr 15 17:41:34 msi microk8s.daemon-containerd[147766]: + ip -6 route
Apr 15 17:41:34 msi microk8s.daemon-containerd[147617]: + break
Apr 15 17:41:34 msi microk8s.daemon-containerd[147617]: + export CILIUM_SOCK=/var/snap/microk8s/6571/var/run/cilium/cilium.sock
Apr 15 17:41:34 msi microk8s.daemon-containerd[147617]: + CILIUM_SOCK=/var/snap/microk8s/6571/var/run/cilium/cilium.sock
Apr 15 17:41:34 msi microk8s.daemon-containerd[147617]: + exec /snap/microk8s/6571/bin/containerd --config /var/snap/microk8s/6571/args/containerd.toml --root /var/snap/microk8s/common/var/lib/containerd --state /var/snap/microk8s/common/run/containerd --address /var/snap/microk8s/common/run/containerd.sock
Apr 15 17:41:34 msi microk8s.daemon-containerd[147617]: time="2025-04-15T17:41:34.073539844+08:00" level=info msg="starting containerd" revision=ae07eda36dd25f8a1b98dfbf587313b99c0190bb version=v1.6.28
Apr 15 17:41:34 msi microk8s.daemon-containerd[147617]: time="2025-04-15T17:41:34.081031225+08:00" level=info msg="loading plugin \"io.containerd.content.v1.content\"..." type=io.containerd.content.v1
Apr 15 17:41:34 msi microk8s.daemon-containerd[147617]: time="2025-04-15T17:41:34.081066485+08:00" level=info msg="loading plugin \"io.containerd.snapshotter.v1.aufs\"..." type=io.containerd.snapshotter.v1
Apr 15 17:41:34 msi microk8s.daemon-containerd[147617]: time="2025-04-15T17:41:34.098847154+08:00" level=info msg="skip loading plugin \"io.containerd.snapshotter.v1.aufs\"..." error="aufs is not supported (modprobe aufs failed: exit status 1 \"modprobe: FATAL: Module aufs not found in directory /lib/modules/5.15.167.4-microsoft-standard-WSL2\\n\"): skip plugin" type=io.containerd.snapshotter.v1
Apr 15 17:41:34 msi microk8s.daemon-containerd[147617]: time="2025-04-15T17:41:34.098874850+08:00" level=info msg="loading plugin \"io.containerd.snapshotter.v1.btrfs\"..." type=io.containerd.snapshotter.v1
Apr 15 17:41:34 msi microk8s.daemon-containerd[147617]: time="2025-04-15T17:41:34.099010212+08:00" level=info msg="skip loading plugin \"io.containerd.snapshotter.v1.btrfs\"..." error="path /var/snap/microk8s/common/var/lib/containerd/io.containerd.snapshotter.v1.btrfs (ext4) must be a btrfs filesystem to be used with the btrfs snapshotter: skip plugin" type=io.containerd.snapshotter.v1
Apr 15 17:41:34 msi microk8s.daemon-containerd[147617]: time="2025-04-15T17:41:34.099027602+08:00" level=info msg="loading plugin \"io.containerd.snapshotter.v1.devmapper\"..." type=io.containerd.snapshotter.v1
Apr 15 17:41:34 msi microk8s.daemon-containerd[147617]: time="2025-04-15T17:41:34.099034844+08:00" level=warning msg="failed to load plugin io.containerd.snapshotter.v1.devmapper" error="devmapper not configured"
Apr 15 17:41:34 msi microk8s.daemon-containerd[147617]: time="2025-04-15T17:41:34.099038912+08:00" level=info msg="loading plugin \"io.containerd.snapshotter.v1.native\"..." type=io.containerd.snapshotter.v1
Apr 15 17:41:34 msi microk8s.daemon-containerd[147617]: time="2025-04-15T17:41:34.099049809+08:00" level=info msg="loading plugin \"io.containerd.snapshotter.v1.overlayfs\"..." type=io.containerd.snapshotter.v1
Apr 15 17:41:34 msi microk8s.daemon-containerd[147617]: time="2025-04-15T17:41:34.099126525+08:00" level=info msg="loading plugin \"io.containerd.snapshotter.v1.zfs\"..." type=io.containerd.snapshotter.v1
Apr 15 17:41:34 msi microk8s.daemon-containerd[147617]: time="2025-04-15T17:41:34.099222649+08:00" level=info msg="skip loading plugin \"io.containerd.snapshotter.v1.zfs\"..." error="path /var/snap/microk8s/common/var/lib/containerd/io.containerd.snapshotter.v1.zfs must be a zfs filesystem to be used with the zfs snapshotter: skip plugin" type=io.containerd.snapshotter.v1
Apr 15 17:41:34 msi microk8s.daemon-containerd[147617]: time="2025-04-15T17:41:34.099236920+08:00" level=info msg="loading plugin \"io.containerd.metadata.v1.bolt\"..." type=io.containerd.metadata.v1
Apr 15 17:41:34 msi microk8s.daemon-containerd[147617]: time="2025-04-15T17:41:34.099245243+08:00" level=warning msg="could not use snapshotter devmapper in metadata plugin" error="devmapper not configured"
Apr 15 17:41:34 msi microk8s.daemon-containerd[147617]: time="2025-04-15T17:41:34.099250063+08:00" level=info msg="metadata content store policy set" policy=shared
Apr 15 17:41:34 msi microk8s.daemon-containerd[147617]: time="2025-04-15T17:41:34.099302726+08:00" level=info msg="loading plugin \"io.containerd.differ.v1.walking\"..." type=io.containerd.differ.v1
Apr 15 17:41:34 msi microk8s.daemon-containerd[147617]: time="2025-04-15T17:41:34.099310042+08:00" level=info msg="loading plugin \"io.containerd.event.v1.exchange\"..." type=io.containerd.event.v1
Apr 15 17:41:34 msi microk8s.daemon-containerd[147617]: time="2025-04-15T17:41:34.099315987+08:00" level=info msg="loading plugin \"io.containerd.gc.v1.scheduler\"..." type=io.containerd.gc.v1
Apr 15 17:41:34 msi microk8s.daemon-containerd[147617]: time="2025-04-15T17:41:34.099330607+08:00" level=info msg="loading plugin \"io.containerd.warning.v1.deprecations\"..." type=io.containerd.warning.v1
Apr 15 17:41:34 msi microk8s.daemon-containerd[147617]: time="2025-04-15T17:41:34.099336330+08:00" level=info msg="loading plugin \"io.containerd.service.v1.introspection-service\"..." type=io.containerd.service.v1
Apr 15 17:41:34 msi microk8s.daemon-containerd[147617]: time="2025-04-15T17:41:34.099343504+08:00" level=info msg="loading plugin \"io.containerd.service.v1.containers-service\"..." type=io.containerd.service.v1
Apr 15 17:41:34 msi microk8s.daemon-containerd[147617]: time="2025-04-15T17:41:34.099350552+08:00" level=info msg="loading plugin \"io.containerd.service.v1.content-service\"..." type=io.containerd.service.v1
Apr 15 17:41:34 msi microk8s.daemon-containerd[147617]: time="2025-04-15T17:41:34.099358284+08:00" level=info msg="loading plugin \"io.containerd.service.v1.diff-service\"..." type=io.containerd.service.v1
Apr 15 17:41:34 msi microk8s.daemon-containerd[147617]: time="2025-04-15T17:41:34.099364608+08:00" level=info msg="loading plugin \"io.containerd.service.v1.images-service\"..." type=io.containerd.service.v1
Apr 15 17:41:34 msi microk8s.daemon-containerd[147617]: time="2025-04-15T17:41:34.099371539+08:00" level=info msg="loading plugin \"io.containerd.service.v1.leases-service\"..." type=io.containerd.service.v1
Apr 15 17:41:34 msi microk8s.daemon-containerd[147617]: time="2025-04-15T17:41:34.099377846+08:00" level=info msg="loading plugin \"io.containerd.service.v1.namespaces-service\"..." type=io.containerd.service.v1
Apr 15 17:41:34 msi microk8s.daemon-containerd[147617]: time="2025-04-15T17:41:34.099384112+08:00" level=info msg="loading plugin \"io.containerd.service.v1.snapshots-service\"..." type=io.containerd.service.v1
Apr 15 17:41:34 msi microk8s.daemon-containerd[147617]: time="2025-04-15T17:41:34.099390040+08:00" level=info msg="loading plugin \"io.containerd.runtime.v1.linux\"..." type=io.containerd.runtime.v1
Apr 15 17:41:34 msi microk8s.daemon-containerd[147617]: time="2025-04-15T17:41:34.099406611+08:00" level=info msg="loading plugin \"io.containerd.runtime.v2.task\"..." type=io.containerd.runtime.v2
Apr 15 17:41:34 msi microk8s.daemon-containerd[147617]: time="2025-04-15T17:41:34.099422074+08:00" level=info msg="loading plugin \"io.containerd.monitor.v1.cgroups\"..." type=io.containerd.monitor.v1
Apr 15 17:41:34 msi microk8s.daemon-containerd[147617]: time="2025-04-15T17:41:34.100048329+08:00" level=info msg="loading plugin \"io.containerd.service.v1.tasks-service\"..." type=io.containerd.service.v1
Apr 15 17:41:34 msi microk8s.daemon-containerd[147617]: time="2025-04-15T17:41:34.100076448+08:00" level=info msg="loading plugin \"io.containerd.grpc.v1.introspection\"..." type=io.containerd.grpc.v1
Apr 15 17:41:34 msi microk8s.daemon-containerd[147617]: time="2025-04-15T17:41:34.100102099+08:00" level=info msg="loading plugin \"io.containerd.internal.v1.restart\"..." type=io.containerd.internal.v1
Apr 15 17:41:34 msi microk8s.daemon-containerd[147617]: time="2025-04-15T17:41:34.100141585+08:00" level=info msg="loading plugin \"io.containerd.grpc.v1.containers\"..." type=io.containerd.grpc.v1
Apr 15 17:41:34 msi microk8s.daemon-containerd[147617]: time="2025-04-15T17:41:34.100147581+08:00" level=info msg="loading plugin \"io.containerd.grpc.v1.content\"..." type=io.containerd.grpc.v1
Apr 15 17:41:34 msi microk8s.daemon-containerd[147617]: time="2025-04-15T17:41:34.100152402+08:00" level=info msg="loading plugin \"io.containerd.grpc.v1.diff\"..." type=io.containerd.grpc.v1
Apr 15 17:41:34 msi microk8s.daemon-containerd[147617]: time="2025-04-15T17:41:34.100156826+08:00" level=info msg="loading plugin \"io.containerd.grpc.v1.events\"..." type=io.containerd.grpc.v1
Apr 15 17:41:34 msi microk8s.daemon-containerd[147617]: time="2025-04-15T17:41:34.100161089+08:00" level=info msg="loading plugin \"io.containerd.grpc.v1.healthcheck\"..." type=io.containerd.grpc.v1
Apr 15 17:41:34 msi microk8s.daemon-containerd[147617]: time="2025-04-15T17:41:34.100166023+08:00" level=info msg="loading plugin \"io.containerd.grpc.v1.images\"..." type=io.containerd.grpc.v1
Apr 15 17:41:34 msi microk8s.daemon-containerd[147617]: time="2025-04-15T17:41:34.100170591+08:00" level=info msg="loading plugin \"io.containerd.grpc.v1.leases\"..." type=io.containerd.grpc.v1
Apr 15 17:41:34 msi microk8s.daemon-containerd[147617]: time="2025-04-15T17:41:34.100175217+08:00" level=info msg="loading plugin \"io.containerd.grpc.v1.namespaces\"..." type=io.containerd.grpc.v1
Apr 15 17:41:34 msi microk8s.daemon-containerd[147617]: time="2025-04-15T17:41:34.100180642+08:00" level=info msg="loading plugin \"io.containerd.internal.v1.opt\"..." type=io.containerd.internal.v1
Apr 15 17:41:34 msi microk8s.daemon-containerd[147617]: time="2025-04-15T17:41:34.100196923+08:00" level=info msg="loading plugin \"io.containerd.grpc.v1.snapshots\"..." type=io.containerd.grpc.v1
Apr 15 17:41:34 msi microk8s.daemon-containerd[147617]: time="2025-04-15T17:41:34.100201800+08:00" level=info msg="loading plugin \"io.containerd.grpc.v1.tasks\"..." type=io.containerd.grpc.v1
Apr 15 17:41:34 msi microk8s.daemon-containerd[147617]: time="2025-04-15T17:41:34.100206264+08:00" level=info msg="loading plugin \"io.containerd.grpc.v1.version\"..." type=io.containerd.grpc.v1
Apr 15 17:41:34 msi microk8s.daemon-containerd[147617]: time="2025-04-15T17:41:34.100210424+08:00" level=info msg="loading plugin \"io.containerd.tracing.processor.v1.otlp\"..." type=io.containerd.tracing.processor.v1
Apr 15 17:41:34 msi microk8s.daemon-containerd[147617]: time="2025-04-15T17:41:34.100217274+08:00" level=info msg="skip loading plugin \"io.containerd.tracing.processor.v1.otlp\"..." error="no OpenTelemetry endpoint: skip plugin" type=io.containerd.tracing.processor.v1
Apr 15 17:41:34 msi microk8s.daemon-containerd[147617]: time="2025-04-15T17:41:34.100221705+08:00" level=info msg="loading plugin \"io.containerd.internal.v1.tracing\"..." type=io.containerd.internal.v1
Apr 15 17:41:34 msi microk8s.daemon-containerd[147617]: time="2025-04-15T17:41:34.100231679+08:00" level=error msg="failed to initialize a tracing processor \"otlp\"" error="no OpenTelemetry endpoint: skip plugin"
Apr 15 17:41:34 msi microk8s.daemon-containerd[147617]: time="2025-04-15T17:41:34.100255272+08:00" level=info msg="loading plugin \"io.containerd.grpc.v1.cri\"..." type=io.containerd.grpc.v1
Apr 15 17:41:34 msi microk8s.daemon-containerd[147617]: time="2025-04-15T17:41:34.100385190+08:00" level=info msg="Start cri plugin with config {PluginConfig:{ContainerdConfig:{Snapshotter:overlayfs DefaultRuntimeName:runc DefaultRuntime:{Type: Path: Engine: PodAnnotations:[] ContainerAnnotations:[] Root: Options:map[] PrivilegedWithoutHostDevices:false BaseRuntimeSpec: NetworkPluginConfDir: NetworkPluginMaxConfNum:0} UntrustedWorkloadRuntime:{Type: Path: Engine: PodAnnotations:[] ContainerAnnotations:[] Root: Options:map[] PrivilegedWithoutHostDevices:false BaseRuntimeSpec: NetworkPluginConfDir: NetworkPluginMaxConfNum:0} Runtimes:map[kata:{Type:io.containerd.kata.v2 Path: Engine: PodAnnotations:[] ContainerAnnotations:[] Root: Options:map[BinaryName:kata-runtime] PrivilegedWithoutHostDevices:false BaseRuntimeSpec: NetworkPluginConfDir: NetworkPluginMaxConfNum:0} nvidia-container-runtime:{Type:io.containerd.runc.v2 Path: Engine: PodAnnotations:[] ContainerAnnotations:[] Root: Options:map[BinaryName:nvidia-container-runtime] PrivilegedWithoutHostDevices:false BaseRuntimeSpec: NetworkPluginConfDir: NetworkPluginMaxConfNum:0} runc:{Type:io.containerd.runc.v2 Path: Engine: PodAnnotations:[] ContainerAnnotations:[] Root: Options:map[] PrivilegedWithoutHostDevices:false BaseRuntimeSpec: NetworkPluginConfDir: NetworkPluginMaxConfNum:0}] NoPivot:false DisableSnapshotAnnotations:true DiscardUnpackedLayers:false IgnoreRdtNotEnabledErrors:false} CniConfig:{NetworkPluginBinDir:/var/snap/microk8s/6571/opt/cni/bin NetworkPluginConfDir:/var/snap/microk8s/6571/args/cni-network NetworkPluginMaxConfNum:1 NetworkPluginConfTemplate: IPPreference:} Registry:{ConfigPath:/var/snap/microk8s/6571/args/certs.d Mirrors:map[] Configs:map[] Auths:map[] Headers:map[]} ImageDecryption:{KeyModel:node} DisableTCPService:true StreamServerAddress:127.0.0.1 StreamServerPort:0 StreamIdleTimeout:4h0m0s EnableSelinux:false SelinuxCategoryRange:1024 SandboxImage:k8s.gcr.io/pause:3.7 StatsCollectPeriod:10 SystemdCgroup:false EnableTLSStreaming:false X509KeyPairStreaming:{TLSCertFile: TLSKeyFile:} MaxContainerLogLineSize:16384 DisableCgroup:false DisableApparmor:false RestrictOOMScoreAdj:false MaxConcurrentDownloads:3 DisableProcMount:false UnsetSeccompProfile: TolerateMissingHugetlbController:true DisableHugetlbController:true DeviceOwnershipFromSecurityContext:false IgnoreImageDefinedVolumes:false NetNSMountsUnderStateDir:false EnableUnprivilegedPorts:false EnableUnprivilegedICMP:false} ContainerdRootDir:/var/snap/microk8s/common/var/lib/containerd ContainerdEndpoint:/var/snap/microk8s/common/run/containerd.sock RootDir:/var/snap/microk8s/common/var/lib/containerd/io.containerd.grpc.v1.cri StateDir:/var/snap/microk8s/common/run/containerd/io.containerd.grpc.v1.cri}"
Apr 15 17:41:34 msi microk8s.daemon-containerd[147617]: time="2025-04-15T17:41:34.100412231+08:00" level=info msg="Connect containerd service"
Apr 15 17:41:34 msi microk8s.daemon-containerd[147617]: time="2025-04-15T17:41:34.100441032+08:00" level=info msg="Get image filesystem path \"/var/snap/microk8s/common/var/lib/containerd/io.containerd.snapshotter.v1.overlayfs\""
Apr 15 17:41:34 msi microk8s.daemon-containerd[147617]: time="2025-04-15T17:41:34.100611620+08:00" level=error msg="failed to load cni during init, please check CRI plugin status before setting up network for pods" error="cni config load failed: no network config found in /var/snap/microk8s/6571/args/cni-network: cni plugin not initialized: failed to load cni config"
Apr 15 17:41:34 msi microk8s.daemon-containerd[147617]: time="2025-04-15T17:41:34.100715676+08:00" level=info msg="Start subscribing containerd event"
Apr 15 17:41:34 msi microk8s.daemon-containerd[147617]: time="2025-04-15T17:41:34.100758967+08:00" level=info msg=serving... address="127.0.0.1:1338"
Apr 15 17:41:34 msi microk8s.daemon-containerd[147617]: time="2025-04-15T17:41:34.100766885+08:00" level=info msg="Start recovering state"
Apr 15 17:41:34 msi microk8s.daemon-containerd[147617]: time="2025-04-15T17:41:34.100805131+08:00" level=info msg=serving... address=/var/snap/microk8s/common/run/containerd.sock.ttrpc
Apr 15 17:41:34 msi microk8s.daemon-containerd[147617]: time="2025-04-15T17:41:34.100813514+08:00" level=info msg="Start event monitor"
Apr 15 17:41:34 msi microk8s.daemon-containerd[147617]: time="2025-04-15T17:41:34.100822778+08:00" level=info msg="Start snapshots syncer"
Apr 15 17:41:34 msi microk8s.daemon-containerd[147617]: time="2025-04-15T17:41:34.100822559+08:00" level=info msg=serving... address=/var/snap/microk8s/common/run/containerd.sock
Apr 15 17:41:34 msi microk8s.daemon-containerd[147617]: time="2025-04-15T17:41:34.100828923+08:00" level=info msg="Start cni network conf syncer for default"
Apr 15 17:41:34 msi microk8s.daemon-containerd[147617]: time="2025-04-15T17:41:34.100858329+08:00" level=info msg="Start streaming server"
Apr 15 17:41:34 msi microk8s.daemon-containerd[147617]: time="2025-04-15T17:41:34.100911855+08:00" level=info msg="containerd successfully booted in 0.027922s"
Apr 15 17:41:34 msi systemd[1]: Started Service for snap application microk8s.daemon-containerd.
