Apr 15 17:15:45 MSI systemd[1]: Started Service for snap application microk8s.daemon-apiserver-kicker.
Apr 15 17:15:50 MSI microk8s.daemon-apiserver-kicker[25784]: Setting up the CNI
Apr 15 17:15:57 MSI microk8s.daemon-apiserver-kicker[25855]: configmap/calico-config created
Apr 15 17:15:57 MSI microk8s.daemon-apiserver-kicker[25855]: customresourcedefinition.apiextensions.k8s.io/bgpconfigurations.crd.projectcalico.org created
Apr 15 17:15:57 MSI microk8s.daemon-apiserver-kicker[25855]: customresourcedefinition.apiextensions.k8s.io/bgppeers.crd.projectcalico.org created
Apr 15 17:15:57 MSI microk8s.daemon-apiserver-kicker[25855]: customresourcedefinition.apiextensions.k8s.io/blockaffinities.crd.projectcalico.org created
Apr 15 17:15:57 MSI microk8s.daemon-apiserver-kicker[25855]: customresourcedefinition.apiextensions.k8s.io/caliconodestatuses.crd.projectcalico.org created
Apr 15 17:15:57 MSI microk8s.daemon-apiserver-kicker[25855]: customresourcedefinition.apiextensions.k8s.io/clusterinformations.crd.projectcalico.org created
Apr 15 17:15:57 MSI microk8s.daemon-apiserver-kicker[25855]: customresourcedefinition.apiextensions.k8s.io/felixconfigurations.crd.projectcalico.org created
Apr 15 17:15:57 MSI microk8s.daemon-apiserver-kicker[25855]: customresourcedefinition.apiextensions.k8s.io/globalnetworkpolicies.crd.projectcalico.org created
Apr 15 17:15:57 MSI microk8s.daemon-apiserver-kicker[25855]: customresourcedefinition.apiextensions.k8s.io/globalnetworksets.crd.projectcalico.org created
Apr 15 17:15:57 MSI microk8s.daemon-apiserver-kicker[25855]: customresourcedefinition.apiextensions.k8s.io/hostendpoints.crd.projectcalico.org created
Apr 15 17:15:57 MSI microk8s.daemon-apiserver-kicker[25855]: customresourcedefinition.apiextensions.k8s.io/ipamblocks.crd.projectcalico.org created
Apr 15 17:15:57 MSI microk8s.daemon-apiserver-kicker[25855]: customresourcedefinition.apiextensions.k8s.io/ipamconfigs.crd.projectcalico.org created
Apr 15 17:15:57 MSI microk8s.daemon-apiserver-kicker[25855]: customresourcedefinition.apiextensions.k8s.io/ipamhandles.crd.projectcalico.org created
Apr 15 17:15:57 MSI microk8s.daemon-apiserver-kicker[25855]: customresourcedefinition.apiextensions.k8s.io/ippools.crd.projectcalico.org created
Apr 15 17:15:57 MSI microk8s.daemon-apiserver-kicker[25855]: customresourcedefinition.apiextensions.k8s.io/ipreservations.crd.projectcalico.org created
Apr 15 17:15:57 MSI microk8s.daemon-apiserver-kicker[25855]: customresourcedefinition.apiextensions.k8s.io/kubecontrollersconfigurations.crd.projectcalico.org created
Apr 15 17:15:57 MSI microk8s.daemon-apiserver-kicker[25855]: customresourcedefinition.apiextensions.k8s.io/networkpolicies.crd.projectcalico.org created
Apr 15 17:15:57 MSI microk8s.daemon-apiserver-kicker[25855]: customresourcedefinition.apiextensions.k8s.io/networksets.crd.projectcalico.org created
Apr 15 17:15:57 MSI microk8s.daemon-apiserver-kicker[25855]: clusterrole.rbac.authorization.k8s.io/calico-kube-controllers created
Apr 15 17:15:57 MSI microk8s.daemon-apiserver-kicker[25855]: clusterrolebinding.rbac.authorization.k8s.io/calico-kube-controllers created
Apr 15 17:15:57 MSI microk8s.daemon-apiserver-kicker[25855]: clusterrole.rbac.authorization.k8s.io/calico-node created
Apr 15 17:15:57 MSI microk8s.daemon-apiserver-kicker[25855]: clusterrolebinding.rbac.authorization.k8s.io/calico-node created
Apr 15 17:15:57 MSI microk8s.daemon-apiserver-kicker[25855]: daemonset.apps/calico-node created
Apr 15 17:15:57 MSI microk8s.daemon-apiserver-kicker[25855]: serviceaccount/calico-node created
Apr 15 17:15:57 MSI microk8s.daemon-apiserver-kicker[25855]: deployment.apps/calico-kube-controllers created
Apr 15 17:15:57 MSI microk8s.daemon-apiserver-kicker[25855]: serviceaccount/calico-kube-controllers created
Apr 15 17:15:57 MSI microk8s.daemon-apiserver-kicker[25855]: poddisruptionbudget.policy/calico-kube-controllers created
Apr 15 17:15:57 MSI microk8s.daemon-apiserver-kicker[25928]: configmap/local-registry-hosting created
Apr 15 17:27:35 msi systemd[1]: Stopping Service for snap application microk8s.daemon-apiserver-kicker...
Apr 15 17:27:35 msi systemd[1]: snap.microk8s.daemon-apiserver-kicker.service: Deactivated successfully.
Apr 15 17:27:35 msi systemd[1]: Stopped Service for snap application microk8s.daemon-apiserver-kicker.
Apr 15 17:29:47 msi systemd[1]: Started Service for snap application microk8s.daemon-apiserver-kicker.
Apr 15 17:40:55 msi systemd[1]: Stopping Service for snap application microk8s.daemon-apiserver-kicker...
Apr 15 17:40:55 msi systemd[1]: snap.microk8s.daemon-apiserver-kicker.service: Deactivated successfully.
Apr 15 17:40:55 msi systemd[1]: Stopped Service for snap application microk8s.daemon-apiserver-kicker.
Apr 15 17:41:33 msi systemd[1]: Started Service for snap application microk8s.daemon-apiserver-kicker.
