total 176M
-rw-rw---- 1 root microk8s 8.0M Apr 15 17:47 0000000000012289-0000000000012834
-rw-rw---- 1 root microk8s 8.0M Apr 15 17:47 0000000000012835-0000000000013192
-rw-rw---- 1 root microk8s 2.8M Apr 15 17:47 0000000000013193-0000000000013312
-rw-rw---- 1 root microk8s 8.0M Apr 15 17:48 0000000000013313-0000000000013682
-rw-rw---- 1 root microk8s 8.0M Apr 15 17:49 0000000000013683-0000000000014041
-rw-rw---- 1 root microk8s 6.6M Apr 15 17:50 0000000000014042-0000000000014336
-rw-rw---- 1 root microk8s 8.0M Apr 15 17:52 0000000000014337-0000000000014700
-rw-rw---- 1 root microk8s 8.0M Apr 15 17:52 0000000000014701-0000000000015276
-rw-rw---- 1 root microk8s 1.2M Apr 15 17:52 0000000000015277-0000000000015360
-rw-rw---- 1 root microk8s 8.0M Apr 15 17:52 0000000000015361-0000000000015948
-rw-rw---- 1 root microk8s 6.7M Apr 15 17:52 0000000000015949-0000000000016384
-rw-rw---- 1 root microk8s 8.0M Apr 15 17:53 0000000000016385-0000000000016754
-rw-rw---- 1 root microk8s 8.0M Apr 15 17:55 0000000000016755-0000000000017122
-rw-rw---- 1 root microk8s 6.3M Apr 15 17:56 0000000000017123-0000000000017408
-rw-rw---- 1 root microk8s 8.0M Apr 15 17:57 0000000000017409-0000000000017773
-rw-rw---- 1 root microk8s 8.0M Apr 15 17:57 0000000000017774-0000000000018382
-rw-rw---- 1 root microk8s 577K Apr 15 17:57 0000000000018383-0000000000018432
-rw-rw---- 1 root microk8s 8.0M Apr 15 17:58 0000000000018433-0000000000019050
-rw-rw---- 1 root microk8s 5.9M Apr 15 17:58 0000000000019051-0000000000019456
-rw-rw---- 1 root microk8s 8.0M Apr 15 17:58 0000000000019457-0000000000020005
-rw-rw---- 1 root microk8s 6.6M Apr 15 17:58 0000000000020006-0000000000020480
-rw-rw---- 1 root microk8s 8.0M Apr 15 17:58 0000000000020481-0000000000021034
-rw-rw---- 1 root microk8s 1.9K Apr 15 17:15 cluster.crt
-rw-rw---- 1 root microk8s 3.2K Apr 15 17:15 cluster.key
-rw------- 1 root root       63 Apr 15 17:59 cluster.yaml
-rw-rw-r-- 1 root microk8s    2 Apr 15 17:59 failure-domain
-rw-rw---- 1 root microk8s   57 Apr 15 17:15 info.yaml
srw-rw---- 1 root microk8s    0 Apr 15 17:41 kine.sock:12379
-rw-rw---- 1 root microk8s   63 Apr 15 17:41 localnode.yaml
-rw-rw---- 1 root microk8s   32 Apr 15 17:15 metadata1
-rw-rw---- 1 root microk8s 8.0M Apr 15 17:59 open-31
-rw-rw---- 1 root microk8s 8.0M Apr 15 17:58 open-32
-rw-rw---- 1 root microk8s 8.0M Apr 15 17:58 open-33
-rw-rw---- 1 root microk8s 1.8M Apr 15 17:58 snapshot-1-19456-4980404
-rw-rw---- 1 root microk8s   72 Apr 15 17:58 snapshot-1-19456-4980404.meta
-rw-rw---- 1 root microk8s 1.7M Apr 15 17:58 snapshot-1-20480-4982443
-rw-rw---- 1 root microk8s   72 Apr 15 17:58 snapshot-1-20480-4982443.meta
